mode: set
right-sizer/config/config.go:128.28,202.2 1 1
right-sizer/config/config.go:206.21,210.19 3 1
right-sizer/config/config.go:210.19,212.3 1 1
right-sizer/config/config.go:213.2,213.15 1 1
right-sizer/config/config.go:217.20,219.19 2 1
right-sizer/config/config.go:219.19,222.20 3 1
right-sizer/config/config.go:222.20,224.4 1 1
right-sizer/config/config.go:225.3,226.21 2 1
right-sizer/config/config.go:228.2,229.15 2 1
right-sizer/config/config.go:255.3,260.30 3 1
right-sizer/config/config.go:260.30,262.3 1 1
right-sizer/config/config.go:263.2,263.33 1 1
right-sizer/config/config.go:263.33,265.3 1 1
right-sizer/config/config.go:266.2,269.28 3 1
right-sizer/config/config.go:269.28,271.3 1 1
right-sizer/config/config.go:272.2,272.31 1 1
right-sizer/config/config.go:272.31,274.3 1 1
right-sizer/config/config.go:275.2,278.23 3 1
right-sizer/config/config.go:278.23,280.3 1 1
right-sizer/config/config.go:281.2,281.26 1 1
right-sizer/config/config.go:281.26,283.3 1 1
right-sizer/config/config.go:284.2,284.21 1 1
right-sizer/config/config.go:284.21,286.3 1 1
right-sizer/config/config.go:287.2,287.24 1 1
right-sizer/config/config.go:287.24,289.3 1 1
right-sizer/config/config.go:292.2,292.24 1 1
right-sizer/config/config.go:292.24,294.3 1 1
right-sizer/config/config.go:295.2,298.31 2 1
right-sizer/config/config.go:298.31,300.3 1 1
right-sizer/config/config.go:301.2,301.31 1 1
right-sizer/config/config.go:301.31,303.3 1 1
right-sizer/config/config.go:306.2,306.20 1 1
right-sizer/config/config.go:306.20,308.3 1 1
right-sizer/config/config.go:309.2,310.21 2 1
right-sizer/config/config.go:310.21,312.3 1 1
right-sizer/config/config.go:313.2,316.13 2 1
right-sizer/config/config.go:316.13,318.3 1 1
right-sizer/config/config.go:319.2,319.15 1 1
right-sizer/config/config.go:319.15,321.3 1 1
right-sizer/config/config.go:322.2,322.33 1 1
right-sizer/config/config.go:322.33,324.3 1 1
right-sizer/config/config.go:327.2,327.20 1 1
right-sizer/config/config.go:327.20,329.3 1 1
right-sizer/config/config.go:330.2,330.23 1 1
right-sizer/config/config.go:330.23,332.3 1 1
right-sizer/config/config.go:335.2,335.27 1 1
right-sizer/config/config.go:335.27,337.3 1 1
right-sizer/config/config.go:338.2,338.25 1 1
right-sizer/config/config.go:338.25,340.3 1 1
right-sizer/config/config.go:343.2,346.63 2 1
right-sizer/config/config.go:346.63,348.3 1 1
right-sizer/config/config.go:349.2,349.67 1 1
right-sizer/config/config.go:349.67,351.3 1 1
right-sizer/config/config.go:352.2,352.57 1 1
right-sizer/config/config.go:352.57,354.3 1 1
right-sizer/config/config.go:355.2,355.61 1 1
right-sizer/config/config.go:355.61,357.3 1 1
right-sizer/config/config.go:360.2,360.24 1 1
right-sizer/config/config.go:364.36,409.2 42 1
right-sizer/config/config.go:412.35,419.33 4 1
right-sizer/config/config.go:419.33,421.3 1 1
right-sizer/config/config.go:422.2,422.36 1 1
right-sizer/config/config.go:422.36,424.3 1 0
right-sizer/config/config.go:425.2,425.31 1 1
right-sizer/config/config.go:425.31,427.3 1 1
right-sizer/config/config.go:428.2,428.34 1 1
right-sizer/config/config.go:428.34,430.3 1 1
right-sizer/config/config.go:433.2,433.26 1 1
right-sizer/config/config.go:433.26,435.3 1 0
right-sizer/config/config.go:436.2,436.29 1 1
right-sizer/config/config.go:436.29,438.3 1 0
right-sizer/config/config.go:439.2,439.38 1 1
right-sizer/config/config.go:439.38,441.3 1 1
right-sizer/config/config.go:442.2,442.44 1 1
right-sizer/config/config.go:442.44,444.3 1 0
right-sizer/config/config.go:447.2,447.27 1 1
right-sizer/config/config.go:447.27,449.3 1 0
right-sizer/config/config.go:450.2,450.26 1 1
right-sizer/config/config.go:450.26,452.3 1 0
right-sizer/config/config.go:455.2,455.22 1 1
right-sizer/config/config.go:455.22,457.3 1 0
right-sizer/config/config.go:458.2,458.49 1 1
right-sizer/config/config.go:458.49,460.3 1 0
right-sizer/config/config.go:461.2,461.52 1 1
right-sizer/config/config.go:461.52,463.3 1 0
right-sizer/config/config.go:464.2,464.24 1 1
right-sizer/config/config.go:464.24,466.3 1 0
right-sizer/config/config.go:469.2,472.30 2 1
right-sizer/config/config.go:472.30,474.3 1 1
right-sizer/config/config.go:477.2,480.40 2 1
right-sizer/config/config.go:480.40,482.3 1 1
right-sizer/config/config.go:485.2,485.67 1 1
right-sizer/config/config.go:485.67,487.3 1 1
right-sizer/config/config.go:488.2,488.71 1 1
right-sizer/config/config.go:488.71,490.3 1 1
right-sizer/config/config.go:491.2,491.60 1 1
right-sizer/config/config.go:491.60,493.3 1 1
right-sizer/config/config.go:494.2,494.61 1 1
right-sizer/config/config.go:494.61,496.3 1 1
right-sizer/config/config.go:497.2,497.65 1 1
right-sizer/config/config.go:497.65,499.3 1 1
right-sizer/config/config.go:500.2,500.54 1 1
right-sizer/config/config.go:500.54,502.3 1 1
right-sizer/config/config.go:504.2,504.21 1 1
right-sizer/config/config.go:504.21,506.3 1 1
right-sizer/config/config.go:508.2,508.12 1 1
right-sizer/config/config.go:512.61,517.33 3 1
right-sizer/config/config.go:517.33,519.41 2 1
right-sizer/config/config.go:519.41,520.23 1 1
right-sizer/config/config.go:520.23,522.10 2 1
right-sizer/config/config.go:525.3,525.13 1 1
right-sizer/config/config.go:525.13,527.4 1 1
right-sizer/config/config.go:531.2,531.33 1 1
right-sizer/config/config.go:531.33,532.41 1 1
right-sizer/config/config.go:532.41,533.23 1 1
right-sizer/config/config.go:533.23,535.5 1 1
right-sizer/config/config.go:539.2,539.13 1 1
right-sizer/config/config.go:543.76,547.2 3 1
right-sizer/config/config.go:550.73,554.18 3 1
right-sizer/config/config.go:554.18,556.3 1 1
right-sizer/config/config.go:558.2,559.16 2 1
right-sizer/config/config.go:559.16,561.3 1 1
right-sizer/config/config.go:563.2,563.36 1 1
right-sizer/config/config.go:567.34,610.33 4 1
right-sizer/config/config.go:610.33,613.3 2 1
right-sizer/config/config.go:614.2,614.33 1 1
right-sizer/config/config.go:614.33,617.3 2 1
right-sizer/config/config.go:618.2,618.30 1 1
right-sizer/config/config.go:618.30,621.3 2 1
right-sizer/config/config.go:624.2,624.33 1 1
right-sizer/config/config.go:624.33,633.52 2 1
right-sizer/config/config.go:633.52,636.4 2 0
right-sizer/config/config.go:639.2,639.14 1 1
right-sizer/config/config.go:643.77,647.2 3 1
right-sizer/policy/engine.go:105.112,112.2 1 0
right-sizer/policy/engine.go:115.95,122.16 3 0
right-sizer/policy/engine.go:122.16,124.3 1 0
right-sizer/policy/engine.go:127.2,128.16 2 0
right-sizer/policy/engine.go:128.16,130.3 1 0
right-sizer/policy/engine.go:132.2,135.12 3 0
right-sizer/policy/engine.go:139.44,142.2 2 0
right-sizer/policy/engine.go:145.168,153.35 3 0
right-sizer/policy/engine.go:153.35,154.20 1 0
right-sizer/policy/engine.go:154.20,155.12 1 0
right-sizer/policy/engine.go:159.3,159.80 1 0
right-sizer/policy/engine.go:159.80,166.25 3 0
right-sizer/policy/engine.go:166.25,168.5 1 0
right-sizer/policy/engine.go:170.4,174.19 2 0
right-sizer/policy/engine.go:174.19,176.10 2 0
right-sizer/policy/engine.go:178.9,178.26 1 0
right-sizer/policy/engine.go:178.26,180.4 1 0
right-sizer/policy/engine.go:183.2,183.15 1 0
right-sizer/policy/engine.go:187.123,191.69 2 0
right-sizer/policy/engine.go:191.69,193.3 1 0
right-sizer/policy/engine.go:196.2,196.35 1 0
right-sizer/policy/engine.go:196.35,198.43 2 0
right-sizer/policy/engine.go:198.43,199.27 1 0
right-sizer/policy/engine.go:199.27,201.10 2 0
right-sizer/policy/engine.go:204.3,204.13 1 0
right-sizer/policy/engine.go:204.13,206.4 1 0
right-sizer/policy/engine.go:210.2,210.31 1 0
right-sizer/policy/engine.go:210.31,213.50 3 0
right-sizer/policy/engine.go:213.50,215.4 1 0
right-sizer/policy/engine.go:219.2,219.36 1 0
right-sizer/policy/engine.go:219.36,220.49 1 0
right-sizer/policy/engine.go:220.49,221.78 1 0
right-sizer/policy/engine.go:221.78,223.5 1 0
right-sizer/policy/engine.go:228.2,228.34 1 0
right-sizer/policy/engine.go:228.34,230.17 2 0
right-sizer/policy/engine.go:230.17,233.4 2 0
right-sizer/policy/engine.go:234.3,234.15 1 0
right-sizer/policy/engine.go:234.15,236.4 1 0
right-sizer/policy/engine.go:240.2,240.79 1 0
right-sizer/policy/engine.go:240.79,242.3 1 0
right-sizer/policy/engine.go:245.2,245.30 1 0
right-sizer/policy/engine.go:245.30,247.35 2 0
right-sizer/policy/engine.go:247.35,249.4 1 0
right-sizer/policy/engine.go:253.2,253.34 1 0
right-sizer/policy/engine.go:253.34,255.45 2 0
right-sizer/policy/engine.go:255.45,257.4 1 0
right-sizer/policy/engine.go:260.2,260.17 1 0
right-sizer/policy/engine.go:264.168,268.18 2 0
right-sizer/policy/engine.go:268.18,271.3 2 0
right-sizer/policy/engine.go:274.2,275.50 2 0
right-sizer/policy/engine.go:275.50,277.3 1 0
right-sizer/policy/engine.go:278.2,278.53 1 0
right-sizer/policy/engine.go:278.53,280.3 1 0
right-sizer/policy/engine.go:283.2,283.53 1 0
right-sizer/policy/engine.go:283.53,289.3 2 0
right-sizer/policy/engine.go:292.2,292.59 1 0
right-sizer/policy/engine.go:292.59,298.3 2 0
right-sizer/policy/engine.go:301.2,301.34 1 0
right-sizer/policy/engine.go:301.34,302.77 1 0
right-sizer/policy/engine.go:302.77,304.4 1 0
right-sizer/policy/engine.go:304.9,306.4 1 0
right-sizer/policy/engine.go:310.2,310.37 1 0
right-sizer/policy/engine.go:310.37,311.80 1 0
right-sizer/policy/engine.go:311.80,313.4 1 0
right-sizer/policy/engine.go:313.9,315.4 1 0
right-sizer/policy/engine.go:319.2,319.32 1 0
right-sizer/policy/engine.go:319.32,320.75 1 0
right-sizer/policy/engine.go:320.75,322.4 1 0
right-sizer/policy/engine.go:322.9,324.4 1 0
right-sizer/policy/engine.go:328.2,328.35 1 0
right-sizer/policy/engine.go:328.35,329.78 1 0
right-sizer/policy/engine.go:329.78,331.4 1 0
right-sizer/policy/engine.go:331.9,333.4 1 0
right-sizer/policy/engine.go:337.2,337.44 1 0
right-sizer/policy/engine.go:341.101,343.34 1 0
right-sizer/policy/engine.go:343.34,344.28 1 0
right-sizer/policy/engine.go:344.28,345.74 1 0
right-sizer/policy/engine.go:345.74,346.46 1 0
right-sizer/policy/engine.go:346.46,348.6 1 0
right-sizer/policy/engine.go:351.3,351.28 1 0
right-sizer/policy/engine.go:351.28,352.74 1 0
right-sizer/policy/engine.go:352.74,353.46 1 0
right-sizer/policy/engine.go:353.46,355.6 1 0
right-sizer/policy/engine.go:361.2,361.37 1 0
right-sizer/policy/engine.go:361.37,362.31 1 0
right-sizer/policy/engine.go:362.31,363.77 1 0
right-sizer/policy/engine.go:363.77,364.49 1 0
right-sizer/policy/engine.go:364.49,366.6 1 0
right-sizer/policy/engine.go:369.3,369.31 1 0
right-sizer/policy/engine.go:369.31,370.77 1 0
right-sizer/policy/engine.go:370.77,371.49 1 0
right-sizer/policy/engine.go:371.49,373.6 1 0
right-sizer/policy/engine.go:380.75,384.29 2 0
right-sizer/policy/engine.go:384.29,385.67 1 0
right-sizer/policy/engine.go:385.67,387.4 1 0
right-sizer/policy/engine.go:387.9,389.4 1 0
right-sizer/policy/engine.go:393.2,393.34 1 0
right-sizer/policy/engine.go:393.34,396.43 3 0
right-sizer/policy/engine.go:396.43,397.42 1 0
right-sizer/policy/engine.go:397.42,399.10 2 0
right-sizer/policy/engine.go:402.3,402.16 1 0
right-sizer/policy/engine.go:402.16,404.4 1 0
right-sizer/policy/engine.go:408.2,408.34 1 0
right-sizer/policy/engine.go:408.34,411.49 3 0
right-sizer/policy/engine.go:411.49,412.69 1 0
right-sizer/policy/engine.go:412.69,414.10 2 0
right-sizer/policy/engine.go:417.3,417.17 1 0
right-sizer/policy/engine.go:417.17,419.4 1 0
right-sizer/policy/engine.go:422.2,422.13 1 0
right-sizer/policy/engine.go:426.72,428.2 1 0
right-sizer/policy/engine.go:431.54,436.36 3 0
right-sizer/policy/engine.go:436.36,437.39 1 0
right-sizer/policy/engine.go:437.39,438.47 1 0
right-sizer/policy/engine.go:438.47,440.5 1 0
right-sizer/policy/engine.go:444.2,444.14 1 0
right-sizer/policy/engine.go:448.65,450.44 1 0
right-sizer/policy/engine.go:450.44,451.21 1 0
right-sizer/policy/engine.go:452.21,453.23 1 0
right-sizer/policy/engine.go:454.22,455.24 1 0
right-sizer/policy/engine.go:456.20,457.22 1 0
right-sizer/policy/engine.go:458.14,459.16 1 0
right-sizer/policy/engine.go:460.18,461.20 1 0
right-sizer/policy/engine.go:462.21,463.23 1 0
right-sizer/policy/engine.go:468.2,468.23 1 0
right-sizer/policy/engine.go:468.23,469.76 1 0
right-sizer/policy/engine.go:469.76,471.4 1 0
right-sizer/policy/engine.go:474.2,474.14 1 0
right-sizer/policy/engine.go:478.54,484.48 5 0
right-sizer/policy/engine.go:484.48,486.60 1 0
right-sizer/policy/engine.go:486.60,487.48 1 0
right-sizer/policy/engine.go:487.48,489.5 1 0
right-sizer/policy/engine.go:489.10,492.5 2 0
right-sizer/policy/engine.go:496.3,496.58 1 0
right-sizer/policy/engine.go:496.58,497.46 1 0
right-sizer/policy/engine.go:497.46,499.5 1 0
right-sizer/policy/engine.go:499.10,502.5 2 0
right-sizer/policy/engine.go:507.2,507.44 1 0
right-sizer/policy/engine.go:507.44,509.3 1 0
right-sizer/policy/engine.go:509.8,510.35 1 0
right-sizer/policy/engine.go:510.35,511.69 1 0
right-sizer/policy/engine.go:511.69,513.10 2 0
right-sizer/policy/engine.go:518.2,518.18 1 0
right-sizer/policy/engine.go:518.18,520.3 1 0
right-sizer/policy/engine.go:523.2,523.31 1 0
right-sizer/policy/engine.go:523.31,524.33 1 0
right-sizer/policy/engine.go:524.33,526.4 1 0
right-sizer/policy/engine.go:529.2,529.31 1 0
right-sizer/policy/engine.go:529.31,530.35 1 0
right-sizer/policy/engine.go:530.35,532.4 1 0
right-sizer/policy/engine.go:535.2,535.32 1 0
right-sizer/policy/engine.go:539.94,543.55 2 0
right-sizer/policy/engine.go:543.55,548.3 2 0
right-sizer/policy/engine.go:548.8,552.3 2 0
right-sizer/policy/engine.go:554.2,554.19 1 0
right-sizer/policy/engine.go:558.53,634.2 1 0
right-sizer/policy/engine.go:637.35,639.2 1 0
right-sizer/policy/engine.go:641.34,643.2 1 0
right-sizer/policy/engine.go:646.43,648.2 1 0
right-sizer/policy/engine.go:651.49,653.32 2 0
right-sizer/policy/engine.go:653.32,654.19 1 0
right-sizer/policy/engine.go:654.19,656.4 1 0
right-sizer/policy/engine.go:658.2,658.20 1 0
right-sizer/policy/engine.go:662.47,663.32 1 0
right-sizer/policy/engine.go:663.32,664.47 1 0
right-sizer/policy/engine.go:664.47,666.4 1 0
right-sizer/policy/engine.go:668.2,668.12 1 0
right-sizer/policy/engine.go:672.55,673.21 1 0
right-sizer/policy/engine.go:673.21,675.3 1 0
right-sizer/policy/engine.go:678.2,678.39 1 0
right-sizer/policy/engine.go:678.39,679.72 1 0
right-sizer/policy/engine.go:679.72,681.4 1 0
right-sizer/policy/engine.go:685.2,686.27 2 0
right-sizer/policy/engine.go:686.27,687.68 1 0
right-sizer/policy/engine.go:687.68,689.4 1 0
right-sizer/policy/engine.go:691.2,691.27 1 0
right-sizer/policy/engine.go:691.27,692.68 1 0
right-sizer/policy/engine.go:692.68,694.4 1 0
right-sizer/policy/engine.go:696.2,696.30 1 0
right-sizer/policy/engine.go:696.30,697.71 1 0
right-sizer/policy/engine.go:697.71,699.4 1 0
right-sizer/policy/engine.go:701.2,701.30 1 0
right-sizer/policy/engine.go:701.30,702.71 1 0
right-sizer/policy/engine.go:702.71,704.4 1 0
right-sizer/policy/engine.go:707.2,707.12 1 0
right-sizer/api/v1alpha1/rightsizerconfig_types.go:586.13,588.2 1 0
right-sizer/api/v1alpha1/rightsizerpolicy_types.go:415.13,417.2 1 0
right-sizer/api/v1alpha1/zz_generated.deepcopy.go:14.51,17.2 2 0
right-sizer/api/v1alpha1/zz_generated.deepcopy.go:20.44,21.15 1 0
right-sizer/api/v1alpha1/zz_generated.deepcopy.go:21.15,23.3 1 0
right-sizer/api/v1alpha1/zz_generated.deepcopy.go:24.2,26.12 3 0
right-sizer/api/v1alpha1/zz_generated.deepcopy.go:30.55,32.33 2 0
right-sizer/api/v1alpha1/zz_generated.deepcopy.go:32.33,36.3 3 0
right-sizer/api/v1alpha1/zz_generated.deepcopy.go:37.2,37.31 1 0
right-sizer/api/v1alpha1/zz_generated.deepcopy.go:37.31,41.3 3 0
right-sizer/api/v1alpha1/zz_generated.deepcopy.go:42.2,42.31 1 0
right-sizer/api/v1alpha1/zz_generated.deepcopy.go:42.31,46.3 3 0
right-sizer/api/v1alpha1/zz_generated.deepcopy.go:47.2,47.29 1 0
right-sizer/api/v1alpha1/zz_generated.deepcopy.go:47.29,51.3 3 0
right-sizer/api/v1alpha1/zz_generated.deepcopy.go:52.2,52.26 1 0
right-sizer/api/v1alpha1/zz_generated.deepcopy.go:52.26,56.3 3 0
right-sizer/api/v1alpha1/zz_generated.deepcopy.go:57.2,57.24 1 0
right-sizer/api/v1alpha1/zz_generated.deepcopy.go:57.24,61.3 3 0
right-sizer/api/v1alpha1/zz_generated.deepcopy.go:62.2,62.33 1 0
right-sizer/api/v1alpha1/zz_generated.deepcopy.go:62.33,66.3 3 0
right-sizer/api/v1alpha1/zz_generated.deepcopy.go:70.48,71.15 1 0
right-sizer/api/v1alpha1/zz_generated.deepcopy.go:71.15,73.3 1 0
right-sizer/api/v1alpha1/zz_generated.deepcopy.go:74.2,76.12 3 0
right-sizer/api/v1alpha1/zz_generated.deepcopy.go:80.69,82.2 1 0
right-sizer/api/v1alpha1/zz_generated.deepcopy.go:85.62,86.15 1 0
right-sizer/api/v1alpha1/zz_generated.deepcopy.go:86.15,88.3 1 0
right-sizer/api/v1alpha1/zz_generated.deepcopy.go:89.2,91.12 3 0
right-sizer/api/v1alpha1/zz_generated.deepcopy.go:95.75,97.2 1 0
right-sizer/api/v1alpha1/zz_generated.deepcopy.go:100.68,101.15 1 0
right-sizer/api/v1alpha1/zz_generated.deepcopy.go:101.15,103.3 1 0
right-sizer/api/v1alpha1/zz_generated.deepcopy.go:104.2,106.12 3 0
right-sizer/api/v1alpha1/zz_generated.deepcopy.go:110.87,114.2 3 0
right-sizer/api/v1alpha1/zz_generated.deepcopy.go:117.80,118.15 1 0
right-sizer/api/v1alpha1/zz_generated.deepcopy.go:118.15,120.3 1 0
right-sizer/api/v1alpha1/zz_generated.deepcopy.go:121.2,123.12 3 0
right-sizer/api/v1alpha1/zz_generated.deepcopy.go:127.79,129.18 2 0
right-sizer/api/v1alpha1/zz_generated.deepcopy.go:129.18,133.3 3 0
right-sizer/api/v1alpha1/zz_generated.deepcopy.go:134.2,134.29 1 0
right-sizer/api/v1alpha1/zz_generated.deepcopy.go:134.29,138.3 3 0
right-sizer/api/v1alpha1/zz_generated.deepcopy.go:142.72,143.15 1 0
right-sizer/api/v1alpha1/zz_generated.deepcopy.go:143.15,145.3 1 0
right-sizer/api/v1alpha1/zz_generated.deepcopy.go:146.2,148.12 3 0
right-sizer/api/v1alpha1/zz_generated.deepcopy.go:152.75,154.2 1 0
right-sizer/api/v1alpha1/zz_generated.deepcopy.go:157.68,158.15 1 0
right-sizer/api/v1alpha1/zz_generated.deepcopy.go:158.15,160.3 1 0
right-sizer/api/v1alpha1/zz_generated.deepcopy.go:161.2,163.12 3 0
right-sizer/api/v1alpha1/zz_generated.deepcopy.go:167.61,169.33 2 0
right-sizer/api/v1alpha1/zz_generated.deepcopy.go:169.33,173.3 3 0
right-sizer/api/v1alpha1/zz_generated.deepcopy.go:174.2,174.31 1 0
right-sizer/api/v1alpha1/zz_generated.deepcopy.go:174.31,178.3 3 0
right-sizer/api/v1alpha1/zz_generated.deepcopy.go:179.2,179.31 1 0
right-sizer/api/v1alpha1/zz_generated.deepcopy.go:179.31,183.3 3 0
right-sizer/api/v1alpha1/zz_generated.deepcopy.go:184.2,184.29 1 0
right-sizer/api/v1alpha1/zz_generated.deepcopy.go:184.29,188.3 3 0
right-sizer/api/v1alpha1/zz_generated.deepcopy.go:189.2,189.26 1 0
right-sizer/api/v1alpha1/zz_generated.deepcopy.go:189.26,193.3 3 0
right-sizer/api/v1alpha1/zz_generated.deepcopy.go:194.2,194.24 1 0
right-sizer/api/v1alpha1/zz_generated.deepcopy.go:194.24,198.3 3 0
right-sizer/api/v1alpha1/zz_generated.deepcopy.go:199.2,199.33 1 0
right-sizer/api/v1alpha1/zz_generated.deepcopy.go:199.33,203.3 3 0
right-sizer/api/v1alpha1/zz_generated.deepcopy.go:207.54,208.15 1 0
right-sizer/api/v1alpha1/zz_generated.deepcopy.go:208.15,210.3 1 0
right-sizer/api/v1alpha1/zz_generated.deepcopy.go:211.2,213.12 3 0
right-sizer/api/v1alpha1/zz_generated.deepcopy.go:217.67,219.29 2 0
right-sizer/api/v1alpha1/zz_generated.deepcopy.go:219.29,222.29 3 0
right-sizer/api/v1alpha1/zz_generated.deepcopy.go:222.29,224.4 1 0
right-sizer/api/v1alpha1/zz_generated.deepcopy.go:229.60,230.15 1 0
right-sizer/api/v1alpha1/zz_generated.deepcopy.go:230.15,232.3 1 0
right-sizer/api/v1alpha1/zz_generated.deepcopy.go:233.2,235.12 3 0
right-sizer/api/v1alpha1/zz_generated.deepcopy.go:239.61,241.27 2 0
right-sizer/api/v1alpha1/zz_generated.deepcopy.go:241.27,244.3 2 0
right-sizer/api/v1alpha1/zz_generated.deepcopy.go:248.54,249.15 1 0
right-sizer/api/v1alpha1/zz_generated.deepcopy.go:249.15,251.3 1 0
right-sizer/api/v1alpha1/zz_generated.deepcopy.go:252.2,254.12 3 0
right-sizer/api/v1alpha1/zz_generated.deepcopy.go:258.71,260.33 2 0
right-sizer/api/v1alpha1/zz_generated.deepcopy.go:260.33,264.3 3 0
right-sizer/api/v1alpha1/zz_generated.deepcopy.go:265.2,265.33 1 0
right-sizer/api/v1alpha1/zz_generated.deepcopy.go:265.33,269.3 3 0
right-sizer/api/v1alpha1/zz_generated.deepcopy.go:270.2,270.32 1 0
right-sizer/api/v1alpha1/zz_generated.deepcopy.go:270.32,274.3 3 0
right-sizer/api/v1alpha1/zz_generated.deepcopy.go:275.2,275.31 1 0
right-sizer/api/v1alpha1/zz_generated.deepcopy.go:275.31,278.29 3 0
right-sizer/api/v1alpha1/zz_generated.deepcopy.go:278.29,280.4 1 0
right-sizer/api/v1alpha1/zz_generated.deepcopy.go:285.64,286.15 1 0
right-sizer/api/v1alpha1/zz_generated.deepcopy.go:286.15,288.3 1 0
right-sizer/api/v1alpha1/zz_generated.deepcopy.go:289.2,291.12 3 0
right-sizer/api/v1alpha1/zz_generated.deepcopy.go:295.77,297.27 2 0
right-sizer/api/v1alpha1/zz_generated.deepcopy.go:297.27,301.3 3 0
right-sizer/api/v1alpha1/zz_generated.deepcopy.go:302.2,302.27 1 0
right-sizer/api/v1alpha1/zz_generated.deepcopy.go:302.27,306.3 3 0
right-sizer/api/v1alpha1/zz_generated.deepcopy.go:307.2,307.30 1 0
right-sizer/api/v1alpha1/zz_generated.deepcopy.go:307.30,310.22 3 0
right-sizer/api/v1alpha1/zz_generated.deepcopy.go:310.22,312.4 1 0
right-sizer/api/v1alpha1/zz_generated.deepcopy.go:317.70,318.15 1 0
right-sizer/api/v1alpha1/zz_generated.deepcopy.go:318.15,320.3 1 0
right-sizer/api/v1alpha1/zz_generated.deepcopy.go:321.2,323.12 3 0
right-sizer/api/v1alpha1/zz_generated.deepcopy.go:327.79,329.2 1 0
right-sizer/api/v1alpha1/zz_generated.deepcopy.go:332.72,333.15 1 0
right-sizer/api/v1alpha1/zz_generated.deepcopy.go:333.15,335.3 1 0
right-sizer/api/v1alpha1/zz_generated.deepcopy.go:336.2,338.12 3 0
right-sizer/api/v1alpha1/zz_generated.deepcopy.go:342.69,344.2 1 0
right-sizer/api/v1alpha1/zz_generated.deepcopy.go:347.62,348.15 1 0
right-sizer/api/v1alpha1/zz_generated.deepcopy.go:348.15,350.3 1 0
right-sizer/api/v1alpha1/zz_generated.deepcopy.go:351.2,353.12 3 0
right-sizer/api/v1alpha1/zz_generated.deepcopy.go:357.61,359.25 2 0
right-sizer/api/v1alpha1/zz_generated.deepcopy.go:359.25,363.3 3 0
right-sizer/api/v1alpha1/zz_generated.deepcopy.go:364.2,364.25 1 0
right-sizer/api/v1alpha1/zz_generated.deepcopy.go:364.25,368.3 3 0
right-sizer/api/v1alpha1/zz_generated.deepcopy.go:372.54,373.15 1 0
right-sizer/api/v1alpha1/zz_generated.deepcopy.go:373.15,375.3 1 0
right-sizer/api/v1alpha1/zz_generated.deepcopy.go:376.2,378.12 3 0
right-sizer/api/v1alpha1/zz_generated.deepcopy.go:382.65,384.20 2 0
right-sizer/api/v1alpha1/zz_generated.deepcopy.go:384.20,388.3 3 0
right-sizer/api/v1alpha1/zz_generated.deepcopy.go:392.58,393.15 1 0
right-sizer/api/v1alpha1/zz_generated.deepcopy.go:393.15,395.3 1 0
right-sizer/api/v1alpha1/zz_generated.deepcopy.go:396.2,398.12 3 0
right-sizer/api/v1alpha1/zz_generated.deepcopy.go:402.71,404.35 2 0
right-sizer/api/v1alpha1/zz_generated.deepcopy.go:404.35,408.3 3 0
right-sizer/api/v1alpha1/zz_generated.deepcopy.go:409.2,409.34 1 0
right-sizer/api/v1alpha1/zz_generated.deepcopy.go:409.34,413.3 3 0
right-sizer/api/v1alpha1/zz_generated.deepcopy.go:417.64,418.15 1 0
right-sizer/api/v1alpha1/zz_generated.deepcopy.go:418.15,420.3 1 0
right-sizer/api/v1alpha1/zz_generated.deepcopy.go:421.2,423.12 3 0
right-sizer/api/v1alpha1/zz_generated.deepcopy.go:427.63,429.2 1 0
right-sizer/api/v1alpha1/zz_generated.deepcopy.go:432.56,433.15 1 0
right-sizer/api/v1alpha1/zz_generated.deepcopy.go:433.15,435.3 1 0
right-sizer/api/v1alpha1/zz_generated.deepcopy.go:436.2,438.12 3 0
right-sizer/api/v1alpha1/zz_generated.deepcopy.go:442.65,446.32 4 0
right-sizer/api/v1alpha1/zz_generated.deepcopy.go:446.32,450.3 3 0
right-sizer/api/v1alpha1/zz_generated.deepcopy.go:454.58,455.15 1 0
right-sizer/api/v1alpha1/zz_generated.deepcopy.go:455.15,457.3 1 0
right-sizer/api/v1alpha1/zz_generated.deepcopy.go:458.2,460.12 3 0
right-sizer/api/v1alpha1/zz_generated.deepcopy.go:464.65,470.2 5 0
right-sizer/api/v1alpha1/zz_generated.deepcopy.go:473.58,474.15 1 0
right-sizer/api/v1alpha1/zz_generated.deepcopy.go:474.15,476.3 1 0
right-sizer/api/v1alpha1/zz_generated.deepcopy.go:477.2,479.12 3 0
right-sizer/api/v1alpha1/zz_generated.deepcopy.go:483.61,484.34 1 0
right-sizer/api/v1alpha1/zz_generated.deepcopy.go:484.34,486.3 1 0
right-sizer/api/v1alpha1/zz_generated.deepcopy.go:487.2,487.12 1 0
right-sizer/api/v1alpha1/zz_generated.deepcopy.go:491.73,495.21 4 0
right-sizer/api/v1alpha1/zz_generated.deepcopy.go:495.21,498.22 3 0
right-sizer/api/v1alpha1/zz_generated.deepcopy.go:498.22,500.4 1 0
right-sizer/api/v1alpha1/zz_generated.deepcopy.go:505.66,506.15 1 0
right-sizer/api/v1alpha1/zz_generated.deepcopy.go:506.15,508.3 1 0
right-sizer/api/v1alpha1/zz_generated.deepcopy.go:509.2,511.12 3 0
right-sizer/api/v1alpha1/zz_generated.deepcopy.go:515.65,516.34 1 0
right-sizer/api/v1alpha1/zz_generated.deepcopy.go:516.34,518.3 1 0
right-sizer/api/v1alpha1/zz_generated.deepcopy.go:519.2,519.12 1 0
right-sizer/api/v1alpha1/zz_generated.deepcopy.go:523.73,533.28 10 0
right-sizer/api/v1alpha1/zz_generated.deepcopy.go:533.28,536.29 3 0
right-sizer/api/v1alpha1/zz_generated.deepcopy.go:536.29,538.4 1 0
right-sizer/api/v1alpha1/zz_generated.deepcopy.go:543.66,544.15 1 0
right-sizer/api/v1alpha1/zz_generated.deepcopy.go:544.15,546.3 1 0
right-sizer/api/v1alpha1/zz_generated.deepcopy.go:547.2,549.12 3 0
right-sizer/api/v1alpha1/zz_generated.deepcopy.go:553.77,555.26 2 0
right-sizer/api/v1alpha1/zz_generated.deepcopy.go:555.26,558.22 3 0
right-sizer/api/v1alpha1/zz_generated.deepcopy.go:558.22,560.4 1 0
right-sizer/api/v1alpha1/zz_generated.deepcopy.go:562.2,562.31 1 0
right-sizer/api/v1alpha1/zz_generated.deepcopy.go:562.31,565.3 2 0
right-sizer/api/v1alpha1/zz_generated.deepcopy.go:566.2,566.28 1 0
right-sizer/api/v1alpha1/zz_generated.deepcopy.go:566.28,570.3 3 0
right-sizer/api/v1alpha1/zz_generated.deepcopy.go:574.70,575.15 1 0
right-sizer/api/v1alpha1/zz_generated.deepcopy.go:575.15,577.3 1 0
right-sizer/api/v1alpha1/zz_generated.deepcopy.go:578.2,580.12 3 0
right-sizer/api/v1alpha1/zz_generated.deepcopy.go:584.65,590.2 5 0
right-sizer/api/v1alpha1/zz_generated.deepcopy.go:593.58,594.15 1 0
right-sizer/api/v1alpha1/zz_generated.deepcopy.go:594.15,596.3 1 0
right-sizer/api/v1alpha1/zz_generated.deepcopy.go:597.2,599.12 3 0
right-sizer/api/v1alpha1/zz_generated.deepcopy.go:603.61,604.34 1 0
right-sizer/api/v1alpha1/zz_generated.deepcopy.go:604.34,606.3 1 0
right-sizer/api/v1alpha1/zz_generated.deepcopy.go:607.2,607.12 1 0
right-sizer/api/v1alpha1/zz_generated.deepcopy.go:611.73,615.21 4 0
right-sizer/api/v1alpha1/zz_generated.deepcopy.go:615.21,618.22 3 0
right-sizer/api/v1alpha1/zz_generated.deepcopy.go:618.22,620.4 1 0
right-sizer/api/v1alpha1/zz_generated.deepcopy.go:625.66,626.15 1 0
right-sizer/api/v1alpha1/zz_generated.deepcopy.go:626.15,628.3 1 0
right-sizer/api/v1alpha1/zz_generated.deepcopy.go:629.2,631.12 3 0
right-sizer/api/v1alpha1/zz_generated.deepcopy.go:635.65,636.34 1 0
right-sizer/api/v1alpha1/zz_generated.deepcopy.go:636.34,638.3 1 0
right-sizer/api/v1alpha1/zz_generated.deepcopy.go:639.2,639.12 1 0
right-sizer/api/v1alpha1/zz_generated.deepcopy.go:643.73,649.24 6 0
right-sizer/api/v1alpha1/zz_generated.deepcopy.go:649.24,652.22 3 0
right-sizer/api/v1alpha1/zz_generated.deepcopy.go:652.22,654.4 1 0
right-sizer/api/v1alpha1/zz_generated.deepcopy.go:656.2,656.35 1 0
right-sizer/api/v1alpha1/zz_generated.deepcopy.go:656.35,659.29 3 0
right-sizer/api/v1alpha1/zz_generated.deepcopy.go:659.29,661.4 1 0
right-sizer/api/v1alpha1/zz_generated.deepcopy.go:666.66,667.15 1 0
right-sizer/api/v1alpha1/zz_generated.deepcopy.go:667.15,669.3 1 0
right-sizer/api/v1alpha1/zz_generated.deepcopy.go:670.2,672.12 3 0
right-sizer/api/v1alpha1/zz_generated.deepcopy.go:676.77,678.26 2 0
right-sizer/api/v1alpha1/zz_generated.deepcopy.go:678.26,681.22 3 0
right-sizer/api/v1alpha1/zz_generated.deepcopy.go:681.22,683.4 1 0
right-sizer/api/v1alpha1/zz_generated.deepcopy.go:685.2,685.31 1 0
right-sizer/api/v1alpha1/zz_generated.deepcopy.go:685.31,688.3 2 0
right-sizer/api/v1alpha1/zz_generated.deepcopy.go:689.2,689.34 1 0
right-sizer/api/v1alpha1/zz_generated.deepcopy.go:689.34,692.3 2 0
right-sizer/api/v1alpha1/zz_generated.deepcopy.go:693.2,694.23 2 0
right-sizer/api/v1alpha1/zz_generated.deepcopy.go:694.23,698.3 3 0
right-sizer/api/v1alpha1/zz_generated.deepcopy.go:702.70,703.15 1 0
right-sizer/api/v1alpha1/zz_generated.deepcopy.go:703.15,705.3 1 0
right-sizer/api/v1alpha1/zz_generated.deepcopy.go:706.2,708.12 3 0
right-sizer/api/v1alpha1/zz_generated.deepcopy.go:712.57,714.27 2 0
right-sizer/api/v1alpha1/zz_generated.deepcopy.go:714.27,717.22 3 0
right-sizer/api/v1alpha1/zz_generated.deepcopy.go:717.22,719.4 1 0
right-sizer/api/v1alpha1/zz_generated.deepcopy.go:724.50,725.15 1 0
right-sizer/api/v1alpha1/zz_generated.deepcopy.go:725.15,727.3 1 0
right-sizer/api/v1alpha1/zz_generated.deepcopy.go:728.2,730.12 3 0
right-sizer/api/v1alpha1/zz_generated.deepcopy.go:734.69,736.25 2 0
right-sizer/api/v1alpha1/zz_generated.deepcopy.go:736.25,740.3 3 0
right-sizer/api/v1alpha1/zz_generated.deepcopy.go:744.62,745.15 1 0
right-sizer/api/v1alpha1/zz_generated.deepcopy.go:745.15,747.3 1 0
right-sizer/api/v1alpha1/zz_generated.deepcopy.go:748.2,750.12 3 0
right-sizer/api/v1alpha1/zz_generated.deepcopy.go:754.79,756.2 1 0
right-sizer/api/v1alpha1/zz_generated.deepcopy.go:759.72,760.15 1 0
right-sizer/api/v1alpha1/zz_generated.deepcopy.go:760.15,762.3 1 0
right-sizer/api/v1alpha1/zz_generated.deepcopy.go:763.2,765.12 3 0
right-sizer/api/v1alpha1/zz_generated.deepcopy.go:769.69,771.31 2 0
right-sizer/api/v1alpha1/zz_generated.deepcopy.go:771.31,774.3 2 0
right-sizer/api/v1alpha1/zz_generated.deepcopy.go:778.62,779.15 1 0
right-sizer/api/v1alpha1/zz_generated.deepcopy.go:779.15,781.3 1 0
right-sizer/api/v1alpha1/zz_generated.deepcopy.go:782.2,784.12 3 0
right-sizer/api/v1alpha1/zz_generated.deepcopy.go:788.51,790.27 2 0
right-sizer/api/v1alpha1/zz_generated.deepcopy.go:790.27,794.3 3 0
right-sizer/api/v1alpha1/zz_generated.deepcopy.go:798.44,799.15 1 0
right-sizer/api/v1alpha1/zz_generated.deepcopy.go:799.15,801.3 1 0
right-sizer/api/v1alpha1/zz_generated.deepcopy.go:802.2,804.12 3 0
right-sizer/api/v1alpha1/zz_generated.deepcopy.go:808.63,810.26 2 0
right-sizer/api/v1alpha1/zz_generated.deepcopy.go:810.26,814.3 3 0
right-sizer/api/v1alpha1/zz_generated.deepcopy.go:815.2,815.33 1 0
right-sizer/api/v1alpha1/zz_generated.deepcopy.go:815.33,819.3 3 0
right-sizer/api/v1alpha1/zz_generated.deepcopy.go:820.2,820.29 1 0
right-sizer/api/v1alpha1/zz_generated.deepcopy.go:820.29,824.3 3 0
right-sizer/api/v1alpha1/zz_generated.deepcopy.go:825.2,825.34 1 0
right-sizer/api/v1alpha1/zz_generated.deepcopy.go:825.34,828.29 3 0
right-sizer/api/v1alpha1/zz_generated.deepcopy.go:828.29,830.4 1 0
right-sizer/api/v1alpha1/zz_generated.deepcopy.go:832.2,832.21 1 0
right-sizer/api/v1alpha1/zz_generated.deepcopy.go:832.21,836.3 3 0
right-sizer/api/v1alpha1/zz_generated.deepcopy.go:837.2,837.28 1 0
right-sizer/api/v1alpha1/zz_generated.deepcopy.go:837.28,841.3 3 0
right-sizer/api/v1alpha1/zz_generated.deepcopy.go:845.56,846.15 1 0
right-sizer/api/v1alpha1/zz_generated.deepcopy.go:846.15,848.3 1 0
right-sizer/api/v1alpha1/zz_generated.deepcopy.go:849.2,851.12 3 0
right-sizer/api/v1alpha1/zz_generated.deepcopy.go:855.53,857.26 2 0
right-sizer/api/v1alpha1/zz_generated.deepcopy.go:857.26,861.3 3 0
right-sizer/api/v1alpha1/zz_generated.deepcopy.go:865.46,866.15 1 0
right-sizer/api/v1alpha1/zz_generated.deepcopy.go:866.15,868.3 1 0
right-sizer/api/v1alpha1/zz_generated.deepcopy.go:869.2,871.12 3 0
right-sizer/api/v1alpha1/zz_generated.deepcopy.go:875.83,877.23 2 0
right-sizer/api/v1alpha1/zz_generated.deepcopy.go:877.23,880.29 3 0
right-sizer/api/v1alpha1/zz_generated.deepcopy.go:880.29,882.4 1 0
right-sizer/api/v1alpha1/zz_generated.deepcopy.go:887.76,888.15 1 0
right-sizer/api/v1alpha1/zz_generated.deepcopy.go:888.15,890.3 1 0
right-sizer/api/v1alpha1/zz_generated.deepcopy.go:891.2,893.12 3 0
right-sizer/api/v1alpha1/zz_generated.deepcopy.go:897.69,899.2 1 0
right-sizer/api/v1alpha1/zz_generated.deepcopy.go:902.62,903.15 1 0
right-sizer/api/v1alpha1/zz_generated.deepcopy.go:903.15,905.3 1 0
right-sizer/api/v1alpha1/zz_generated.deepcopy.go:906.2,908.12 3 0
right-sizer/api/v1alpha1/zz_generated.deepcopy.go:912.55,914.22 2 0
right-sizer/api/v1alpha1/zz_generated.deepcopy.go:914.22,918.3 3 0
right-sizer/api/v1alpha1/zz_generated.deepcopy.go:919.2,919.23 1 0
right-sizer/api/v1alpha1/zz_generated.deepcopy.go:919.23,922.29 3 0
right-sizer/api/v1alpha1/zz_generated.deepcopy.go:922.29,924.4 1 0
right-sizer/api/v1alpha1/zz_generated.deepcopy.go:926.2,926.27 1 0
right-sizer/api/v1alpha1/zz_generated.deepcopy.go:926.27,930.3 3 0
right-sizer/api/v1alpha1/zz_generated.deepcopy.go:934.48,935.15 1 0
right-sizer/api/v1alpha1/zz_generated.deepcopy.go:935.15,937.3 1 0
right-sizer/api/v1alpha1/zz_generated.deepcopy.go:938.2,940.12 3 0
right-sizer/api/v1alpha1/zz_generated.deepcopy.go:944.65,946.2 1 0
right-sizer/api/v1alpha1/zz_generated.deepcopy.go:949.58,950.15 1 0
right-sizer/api/v1alpha1/zz_generated.deepcopy.go:950.15,952.3 1 0
right-sizer/api/v1alpha1/zz_generated.deepcopy.go:953.2,955.12 3 0
right-sizer/logger/logger.go:57.56,64.2 2 0
right-sizer/logger/logger.go:67.28,69.2 1 0
right-sizer/logger/logger.go:72.46,73.35 1 0
right-sizer/logger/logger.go:74.15,75.15 1 0
right-sizer/logger/logger.go:76.14,77.14 1 0
right-sizer/logger/logger.go:78.25,79.14 1 0
right-sizer/logger/logger.go:80.15,81.15 1 0
right-sizer/logger/logger.go:82.10,83.14 1 0
right-sizer/logger/logger.go:88.103,93.20 3 0
right-sizer/logger/logger.go:93.20,95.3 1 0
right-sizer/logger/logger.go:98.2,99.81 2 0
right-sizer/logger/logger.go:99.81,101.3 1 0
right-sizer/logger/logger.go:103.2,103.14 1 0
right-sizer/logger/logger.go:103.14,105.3 1 0
right-sizer/logger/logger.go:106.2,106.61 1 0
right-sizer/logger/logger.go:110.60,111.22 1 0
right-sizer/logger/logger.go:111.22,114.3 2 0
right-sizer/logger/logger.go:118.59,119.21 1 0
right-sizer/logger/logger.go:119.21,124.21 3 0
right-sizer/logger/logger.go:124.21,126.4 1 0
right-sizer/logger/logger.go:129.3,130.24 2 0
right-sizer/logger/logger.go:135.59,136.21 1 0
right-sizer/logger/logger.go:136.21,139.3 2 0
right-sizer/logger/logger.go:143.60,144.22 1 0
right-sizer/logger/logger.go:144.22,147.3 2 0
right-sizer/logger/logger.go:151.62,152.21 1 0
right-sizer/logger/logger.go:152.21,157.21 3 0
right-sizer/logger/logger.go:157.21,159.4 1 0
right-sizer/logger/logger.go:162.3,163.24 2 0
right-sizer/logger/logger.go:168.44,170.2 1 0
right-sizer/logger/logger.go:173.52,179.2 1 0
right-sizer/logger/logger.go:184.48,185.19 1 0
right-sizer/logger/logger.go:185.19,187.3 1 0
right-sizer/logger/logger.go:187.8,189.3 1 0
right-sizer/logger/logger.go:193.47,194.19 1 0
right-sizer/logger/logger.go:194.19,196.3 1 0
right-sizer/logger/logger.go:196.8,198.3 1 0
right-sizer/logger/logger.go:202.47,203.19 1 0
right-sizer/logger/logger.go:203.19,205.3 1 0
right-sizer/logger/logger.go:205.8,207.3 1 0
right-sizer/logger/logger.go:211.48,212.19 1 0
right-sizer/logger/logger.go:212.19,214.3 1 0
right-sizer/logger/logger.go:214.8,216.3 1 0
right-sizer/logger/logger.go:220.50,221.19 1 0
right-sizer/logger/logger.go:221.19,223.3 1 0
right-sizer/logger/logger.go:223.8,225.3 1 0
right-sizer/logger/logger.go:229.34,235.2 1 0
right-sizer/logger/logger.go:238.26,239.19 1 0
right-sizer/logger/logger.go:239.19,241.3 1 0
right-sizer/logger/logger.go:242.2,242.15 1 0
right-sizer/admission/webhook.go:71.18,94.36 7 0
right-sizer/admission/webhook.go:94.36,97.3 2 0
right-sizer/admission/webhook.go:99.2,99.34 1 0
right-sizer/admission/webhook.go:99.34,102.3 2 0
right-sizer/admission/webhook.go:105.2,105.73 1 0
right-sizer/admission/webhook.go:105.73,108.3 2 0
right-sizer/admission/webhook.go:110.2,110.11 1 0
right-sizer/admission/webhook.go:114.64,117.37 2 0
right-sizer/admission/webhook.go:117.37,119.3 1 0
right-sizer/admission/webhook.go:121.2,122.35 2 0
right-sizer/admission/webhook.go:126.58,129.2 2 0
right-sizer/admission/webhook.go:132.81,134.15 2 0
right-sizer/admission/webhook.go:134.15,135.24 1 0
right-sizer/admission/webhook.go:135.24,137.4 1 0
right-sizer/admission/webhook.go:140.2,141.16 2 0
right-sizer/admission/webhook.go:141.16,144.3 2 0
right-sizer/admission/webhook.go:146.2,147.54 2 0
right-sizer/admission/webhook.go:147.54,150.3 2 0
right-sizer/admission/webhook.go:152.2,153.39 2 0
right-sizer/admission/webhook.go:157.79,159.15 2 0
right-sizer/admission/webhook.go:159.15,160.24 1 0
right-sizer/admission/webhook.go:160.24,162.4 1 0
right-sizer/admission/webhook.go:165.2,166.16 2 0
right-sizer/admission/webhook.go:166.16,169.3 2 0
right-sizer/admission/webhook.go:171.2,172.54 2 0
right-sizer/admission/webhook.go:172.54,175.3 2 0
right-sizer/admission/webhook.go:177.2,178.39 2 0
right-sizer/admission/webhook.go:182.117,190.28 3 0
right-sizer/admission/webhook.go:190.28,192.3 1 0
right-sizer/admission/webhook.go:195.2,195.51 1 0
right-sizer/admission/webhook.go:195.51,198.3 2 0
right-sizer/admission/webhook.go:201.2,202.30 2 0
right-sizer/admission/webhook.go:202.30,203.68 1 0
right-sizer/admission/webhook.go:203.68,209.4 3 0
right-sizer/admission/webhook.go:212.2,212.64 1 0
right-sizer/admission/webhook.go:212.64,218.3 3 0
right-sizer/admission/webhook.go:221.2,221.38 1 0
right-sizer/admission/webhook.go:221.38,224.3 2 0
right-sizer/admission/webhook.go:227.2,230.51 3 0
right-sizer/admission/webhook.go:230.51,233.77 2 0
right-sizer/admission/webhook.go:233.77,235.4 1 0
right-sizer/admission/webhook.go:238.3,238.62 1 0
right-sizer/admission/webhook.go:238.62,239.12 1 0
right-sizer/admission/webhook.go:243.3,250.34 2 0
right-sizer/admission/webhook.go:250.34,252.4 1 0
right-sizer/admission/webhook.go:254.3,254.37 1 0
right-sizer/admission/webhook.go:254.37,256.4 1 0
right-sizer/admission/webhook.go:259.3,259.55 1 0
right-sizer/admission/webhook.go:259.55,261.4 1 0
right-sizer/admission/webhook.go:265.2,265.31 1 0
right-sizer/admission/webhook.go:265.31,271.3 2 0
right-sizer/admission/webhook.go:271.8,271.40 1 0
right-sizer/admission/webhook.go:271.40,276.3 2 0
right-sizer/admission/webhook.go:278.2,278.56 1 0
right-sizer/admission/webhook.go:282.110,290.28 3 0
right-sizer/admission/webhook.go:290.28,292.3 1 0
right-sizer/admission/webhook.go:295.2,295.51 1 0
right-sizer/admission/webhook.go:295.51,297.3 1 0
right-sizer/admission/webhook.go:299.2,300.61 2 0
right-sizer/admission/webhook.go:300.61,306.3 3 0
right-sizer/admission/webhook.go:309.2,309.33 1 0
right-sizer/admission/webhook.go:309.33,311.3 1 0
right-sizer/admission/webhook.go:314.2,315.43 2 0
right-sizer/admission/webhook.go:315.43,317.3 1 0
right-sizer/admission/webhook.go:320.2,321.22 2 0
right-sizer/admission/webhook.go:321.22,323.17 2 0
right-sizer/admission/webhook.go:323.17,326.4 2 0
right-sizer/admission/webhook.go:328.3,332.102 4 0
right-sizer/admission/webhook.go:335.2,335.56 1 0
right-sizer/admission/webhook.go:339.69,341.28 1 0
right-sizer/admission/webhook.go:341.28,342.97 1 0
right-sizer/admission/webhook.go:342.97,344.4 1 0
right-sizer/admission/webhook.go:345.3,345.95 1 0
right-sizer/admission/webhook.go:345.95,347.4 1 0
right-sizer/admission/webhook.go:351.2,351.23 1 0
right-sizer/admission/webhook.go:351.23,352.89 1 0
right-sizer/admission/webhook.go:352.89,354.4 1 0
right-sizer/admission/webhook.go:357.2,357.14 1 0
right-sizer/admission/webhook.go:361.67,363.28 1 0
right-sizer/admission/webhook.go:363.28,364.95 1 0
right-sizer/admission/webhook.go:364.95,366.4 1 0
right-sizer/admission/webhook.go:367.3,367.95 1 0
right-sizer/admission/webhook.go:367.95,369.4 1 0
right-sizer/admission/webhook.go:373.2,373.23 1 0
right-sizer/admission/webhook.go:373.23,374.87 1 0
right-sizer/admission/webhook.go:374.87,376.4 1 0
right-sizer/admission/webhook.go:379.2,379.14 1 0
right-sizer/admission/webhook.go:383.87,385.59 1 0
right-sizer/admission/webhook.go:385.59,387.3 1 0
right-sizer/admission/webhook.go:390.2,390.55 1 0
right-sizer/admission/webhook.go:390.55,392.3 1 0
right-sizer/admission/webhook.go:394.2,394.13 1 0
right-sizer/admission/webhook.go:398.83,399.26 1 0
right-sizer/admission/webhook.go:399.26,401.3 1 0
right-sizer/admission/webhook.go:403.2,403.24 1 0
right-sizer/admission/webhook.go:403.24,404.56 1 0
right-sizer/admission/webhook.go:404.56,406.4 1 0
right-sizer/admission/webhook.go:409.2,409.13 1 0
right-sizer/admission/webhook.go:413.79,418.28 3 0
right-sizer/admission/webhook.go:418.28,419.95 1 0
right-sizer/admission/webhook.go:419.95,421.4 1 0
right-sizer/admission/webhook.go:425.2,425.48 1 0
right-sizer/admission/webhook.go:425.48,426.42 1 0
right-sizer/admission/webhook.go:426.42,440.26 4 0
right-sizer/admission/webhook.go:440.26,449.5 1 0
right-sizer/admission/webhook.go:450.9,450.69 1 0
right-sizer/admission/webhook.go:450.69,457.4 1 0
right-sizer/admission/webhook.go:460.3,460.24 1 0
right-sizer/admission/webhook.go:460.24,466.4 1 0
right-sizer/admission/webhook.go:468.3,472.5 1 0
right-sizer/admission/webhook.go:475.2,475.16 1 0
right-sizer/admission/webhook.go:486.74,492.48 5 0
right-sizer/admission/webhook.go:492.48,494.60 1 0
right-sizer/admission/webhook.go:494.60,495.48 1 0
right-sizer/admission/webhook.go:495.48,497.5 1 0
right-sizer/admission/webhook.go:497.10,500.5 2 0
right-sizer/admission/webhook.go:504.3,504.58 1 0
right-sizer/admission/webhook.go:504.58,505.46 1 0
right-sizer/admission/webhook.go:505.46,507.5 1 0
right-sizer/admission/webhook.go:507.10,510.5 2 0
right-sizer/admission/webhook.go:515.2,515.42 1 0
right-sizer/admission/webhook.go:515.42,517.3 1 0
right-sizer/admission/webhook.go:517.8,524.59 5 0
right-sizer/admission/webhook.go:524.59,526.4 1 0
right-sizer/admission/webhook.go:526.9,526.64 1 0
right-sizer/admission/webhook.go:526.64,528.4 1 0
right-sizer/admission/webhook.go:531.2,531.18 1 0
right-sizer/admission/webhook.go:531.18,533.3 1 0
right-sizer/admission/webhook.go:536.2,536.31 1 0
right-sizer/admission/webhook.go:536.31,537.33 1 0
right-sizer/admission/webhook.go:537.33,539.4 1 0
right-sizer/admission/webhook.go:542.2,542.31 1 0
right-sizer/admission/webhook.go:542.31,543.35 1 0
right-sizer/admission/webhook.go:543.35,545.4 1 0
right-sizer/admission/webhook.go:548.2,548.32 1 0
right-sizer/admission/webhook.go:552.75,553.19 1 0
right-sizer/admission/webhook.go:553.19,555.3 1 0
right-sizer/admission/webhook.go:556.2,558.56 2 0
right-sizer/admission/webhook.go:558.56,560.3 1 0
right-sizer/admission/webhook.go:562.2,563.45 2 0
right-sizer/admission/webhook.go:563.45,565.3 1 0
right-sizer/admission/webhook.go:567.2,567.18 1 0
right-sizer/admission/webhook.go:571.103,581.16 3 0
right-sizer/admission/webhook.go:581.16,585.3 3 0
right-sizer/admission/webhook.go:587.2,589.20 3 0
right-sizer/admission/webhook.go:593.70,597.23 3 0
right-sizer/admission/webhook.go:597.23,599.3 1 0
right-sizer/admission/webhook.go:616.19,621.2 1 0
right-sizer/admission/webhook.go:624.60,627.12 2 0
right-sizer/admission/webhook.go:627.12,629.3 1 0
right-sizer/admission/webhook.go:631.2,631.9 1 0
right-sizer/admission/webhook.go:632.24,633.13 1 0
right-sizer/admission/webhook.go:634.20,635.46 1 0
right-sizer/admission/webhook.go:640.59,642.2 1 0
right-sizer/audit/audit.go:86.39,98.2 1 0
right-sizer/audit/audit.go:101.144,111.31 2 0
right-sizer/audit/audit.go:111.31,113.51 2 0
right-sizer/audit/audit.go:113.51,115.4 1 0
right-sizer/audit/audit.go:118.3,119.32 2 0
right-sizer/audit/audit.go:119.32,122.18 3 0
right-sizer/audit/audit.go:122.18,127.5 3 0
right-sizer/audit/audit.go:129.3,129.23 1 0
right-sizer/audit/audit.go:133.2,139.16 4 0
right-sizer/audit/audit.go:143.38,147.23 3 0
right-sizer/audit/audit.go:147.23,149.3 1 0
right-sizer/audit/audit.go:151.2,151.12 1 0
right-sizer/audit/audit.go:155.227,181.16 2 0
right-sizer/audit/audit.go:181.16,183.3 1 0
right-sizer/audit/audit.go:185.2,185.20 1 0
right-sizer/audit/audit.go:189.133,209.2 2 0
right-sizer/audit/audit.go:212.159,214.12 2 0
right-sizer/audit/audit.go:214.12,216.3 1 0
right-sizer/audit/audit.go:218.2,237.20 2 0
right-sizer/audit/audit.go:241.119,255.2 2 0
right-sizer/audit/audit.go:258.157,259.21 1 0
right-sizer/audit/audit.go:259.21,261.3 1 0
right-sizer/audit/audit.go:263.2,279.20 4 0
right-sizer/audit/audit.go:283.51,284.9 1 0
right-sizer/audit/audit.go:285.30,285.30 0 0
right-sizer/audit/audit.go:287.10,290.24 2 0
right-sizer/audit/audit.go:290.24,292.4 1 0
right-sizer/audit/audit.go:297.63,305.6 5 0
right-sizer/audit/audit.go:305.6,306.10 1 0
right-sizer/audit/audit.go:307.33,312.47 3 0
right-sizer/audit/audit.go:312.47,315.5 2 0
right-sizer/audit/audit.go:317.19,319.28 1 0
right-sizer/audit/audit.go:319.28,322.5 2 0
right-sizer/audit/audit.go:324.25,326.28 1 0
right-sizer/audit/audit.go:326.28,328.5 1 0
right-sizer/audit/audit.go:329.4,329.10 1 0
right-sizer/audit/audit.go:335.75,337.47 1 0
right-sizer/audit/audit.go:337.47,339.3 1 0
right-sizer/audit/audit.go:342.2,342.27 1 0
right-sizer/audit/audit.go:342.27,344.3 1 0
right-sizer/audit/audit.go:347.2,347.47 1 0
right-sizer/audit/audit.go:347.47,349.3 1 0
right-sizer/audit/audit.go:353.54,358.16 4 0
right-sizer/audit/audit.go:358.16,361.3 2 0
right-sizer/audit/audit.go:363.2,363.76 1 0
right-sizer/audit/audit.go:363.76,365.3 1 0
right-sizer/audit/audit.go:369.64,370.70 1 0
right-sizer/audit/audit.go:370.70,372.3 1 0
right-sizer/audit/audit.go:374.2,400.57 4 0
right-sizer/audit/audit.go:400.57,402.3 1 0
right-sizer/audit/audit.go:406.68,407.25 1 0
right-sizer/audit/audit.go:408.24,411.97 1 0
right-sizer/audit/audit.go:412.27,414.68 1 0
right-sizer/audit/audit.go:415.28,417.52 1 0
right-sizer/audit/audit.go:418.10,419.82 1 0
right-sizer/audit/audit.go:424.87,425.22 1 0
right-sizer/audit/audit.go:425.22,427.3 1 0
right-sizer/audit/audit.go:429.2,430.31 2 0
right-sizer/audit/audit.go:430.31,431.60 1 0
right-sizer/audit/audit.go:431.60,433.4 1 0
right-sizer/audit/audit.go:434.3,434.63 1 0
right-sizer/audit/audit.go:434.63,436.4 1 0
right-sizer/audit/audit.go:438.2,438.29 1 0
right-sizer/audit/audit.go:438.29,439.58 1 0
right-sizer/audit/audit.go:439.58,441.4 1 0
right-sizer/audit/audit.go:442.3,442.61 1 0
right-sizer/audit/audit.go:442.61,444.4 1 0
right-sizer/audit/audit.go:447.2,447.21 1 0
right-sizer/audit/audit.go:447.21,449.3 1 0
right-sizer/audit/audit.go:450.2,450.54 1 0
right-sizer/audit/audit.go:454.59,455.16 1 0
right-sizer/audit/audit.go:456.37,457.32 1 0
right-sizer/audit/audit.go:458.37,459.33 1 0
right-sizer/audit/audit.go:460.10,461.32 1 0
right-sizer/audit/audit.go:466.56,470.2 1 0
right-sizer/audit/audit.go:473.77,474.23 1 0
right-sizer/audit/audit.go:474.23,476.3 1 0
right-sizer/audit/audit.go:479.2,479.26 1 0
right-sizer/audit/audit.go:479.26,481.3 1 0
right-sizer/audit/audit.go:485.61,486.23 1 0
right-sizer/audit/audit.go:486.23,488.3 1 0
right-sizer/audit/audit.go:490.2,491.16 2 0
right-sizer/audit/audit.go:491.16,493.3 1 0
right-sizer/audit/audit.go:495.2,495.39 1 0
right-sizer/audit/audit.go:495.39,497.3 1 0
right-sizer/audit/audit.go:501.58,505.23 3 0
right-sizer/audit/audit.go:505.23,507.3 1 0
right-sizer/audit/audit.go:510.2,514.52 4 0
right-sizer/audit/audit.go:514.52,516.3 1 0
right-sizer/audit/audit.go:519.2,520.16 2 0
right-sizer/audit/audit.go:520.16,523.3 2 0
right-sizer/audit/audit.go:525.2,529.27 3 0
right-sizer/audit/audit.go:533.59,538.16 4 0
right-sizer/audit/audit.go:538.16,540.3 1 0
right-sizer/audit/audit.go:543.2,545.29 2 0
right-sizer/audit/audit.go:545.29,547.17 2 0
right-sizer/audit/audit.go:547.17,548.12 1 0
right-sizer/audit/audit.go:551.3,551.36 1 0
right-sizer/audit/audit.go:551.36,552.42 1 0
right-sizer/audit/audit.go:552.42,554.5 1 0
right-sizer/audit/audit.go:554.10,556.5 1 0
right-sizer/audit/audit.go:562.49,568.2 4 0
right-sizer/audit/audit.go:571.65,574.2 1 0
right-sizer/audit/audit.go:577.54,583.48 5 0
right-sizer/audit/audit.go:583.48,585.60 1 0
right-sizer/audit/audit.go:585.60,586.48 1 0
right-sizer/audit/audit.go:586.48,588.5 1 0
right-sizer/audit/audit.go:588.10,591.5 2 0
right-sizer/audit/audit.go:595.3,595.58 1 0
right-sizer/audit/audit.go:595.58,596.46 1 0
right-sizer/audit/audit.go:596.46,598.5 1 0
right-sizer/audit/audit.go:598.10,601.5 2 0
right-sizer/audit/audit.go:606.2,606.44 1 0
right-sizer/audit/audit.go:606.44,608.3 1 0
right-sizer/audit/audit.go:608.8,609.35 1 0
right-sizer/audit/audit.go:609.35,610.69 1 0
right-sizer/audit/audit.go:610.69,612.10 2 0
right-sizer/audit/audit.go:617.2,617.18 1 0
right-sizer/audit/audit.go:617.18,619.3 1 0
right-sizer/audit/audit.go:622.2,622.31 1 0
right-sizer/audit/audit.go:622.31,623.33 1 0
right-sizer/audit/audit.go:623.33,625.4 1 0
right-sizer/audit/audit.go:628.2,628.31 1 0
right-sizer/audit/audit.go:628.31,629.35 1 0
right-sizer/audit/audit.go:629.35,631.4 1 0
right-sizer/audit/audit.go:634.2,634.32 1 0
right-sizer/retry/retry.go:36.41,38.2 1 0
right-sizer/retry/retry.go:41.45,43.2 1 0
right-sizer/retry/retry.go:46.67,48.2 1 0
right-sizer/retry/retry.go:61.29,70.2 1 0
right-sizer/retry/retry.go:85.68,90.2 1 0
right-sizer/retry/retry.go:93.60,94.90 1 0
right-sizer/retry/retry.go:94.90,96.3 1 0
right-sizer/retry/retry.go:100.103,101.26 1 0
right-sizer/retry/retry.go:101.26,105.3 3 0
right-sizer/retry/retry.go:107.2,110.62 3 0
right-sizer/retry/retry.go:110.62,111.23 1 0
right-sizer/retry/retry.go:111.23,113.4 1 0
right-sizer/retry/retry.go:116.3,117.17 2 0
right-sizer/retry/retry.go:117.17,118.39 1 0
right-sizer/retry/retry.go:118.39,121.5 2 0
right-sizer/retry/retry.go:122.4,122.14 1 0
right-sizer/retry/retry.go:125.3,128.83 2 0
right-sizer/retry/retry.go:128.83,131.4 2 0
right-sizer/retry/retry.go:134.3,134.37 1 0
right-sizer/retry/retry.go:134.37,136.9 2 0
right-sizer/retry/retry.go:140.3,140.10 1 0
right-sizer/retry/retry.go:141.21,143.20 2 0
right-sizer/retry/retry.go:144.11,144.11 0 0
right-sizer/retry/retry.go:148.3,153.10 3 0
right-sizer/retry/retry.go:154.21,155.20 1 0
right-sizer/retry/retry.go:156.32,156.32 0 0
right-sizer/retry/retry.go:159.3,160.32 2 0
right-sizer/retry/retry.go:160.32,162.4 1 0
right-sizer/retry/retry.go:165.2,165.107 1 0
right-sizer/retry/retry.go:169.86,174.31 2 0
right-sizer/retry/retry.go:174.31,176.3 1 0
right-sizer/retry/retry.go:179.2,179.38 1 0
right-sizer/retry/retry.go:179.38,182.3 2 0
right-sizer/retry/retry.go:185.2,185.30 1 0
right-sizer/retry/retry.go:185.30,187.3 1 0
right-sizer/retry/retry.go:189.2,189.14 1 0
right-sizer/retry/retry.go:201.46,202.11 1 0
right-sizer/retry/retry.go:203.19,204.18 1 0
right-sizer/retry/retry.go:205.17,206.16 1 0
right-sizer/retry/retry.go:207.21,208.21 1 0
right-sizer/retry/retry.go:209.10,210.19 1 0
right-sizer/retry/retry.go:222.57,228.2 1 0
right-sizer/retry/retry.go:243.116,250.2 1 0
right-sizer/retry/retry.go:253.55,254.85 1 0
right-sizer/retry/retry.go:254.85,256.3 1 0
right-sizer/retry/retry.go:260.98,265.90 3 0
right-sizer/retry/retry.go:265.90,269.3 3 0
right-sizer/retry/retry.go:272.2,272.27 1 0
right-sizer/retry/retry.go:272.27,274.3 1 0
right-sizer/retry/retry.go:277.2,279.16 2 0
right-sizer/retry/retry.go:279.16,282.3 2 0
right-sizer/retry/retry.go:284.2,285.12 2 0
right-sizer/retry/retry.go:289.39,292.31 2 0
right-sizer/retry/retry.go:292.31,294.52 2 0
right-sizer/retry/retry.go:294.52,298.4 3 0
right-sizer/retry/retry.go:303.39,307.78 3 0
right-sizer/retry/retry.go:307.78,310.3 2 0
right-sizer/retry/retry.go:310.8,310.38 1 0
right-sizer/retry/retry.go:310.38,313.3 2 0
right-sizer/retry/retry.go:317.58,321.2 3 0
right-sizer/retry/retry.go:324.95,328.2 3 0
right-sizer/retry/retry.go:337.156,342.2 1 0
right-sizer/retry/retry.go:345.81,346.95 1 0
right-sizer/retry/retry.go:346.95,348.3 1 0
right-sizer/retry/retry.go:352.124,353.81 1 0
right-sizer/retry/retry.go:353.81,355.3 1 0
right-sizer/retry/retry.go:359.80,361.2 1 0
right-sizer/retry/retry.go:364.49,365.16 1 0
right-sizer/retry/retry.go:365.16,367.3 1 0
right-sizer/retry/retry.go:369.2,387.44 3 0
right-sizer/retry/retry.go:387.44,388.32 1 0
right-sizer/retry/retry.go:388.32,390.4 1 0
right-sizer/retry/retry.go:393.2,393.14 1 0
right-sizer/retry/retry.go:397.38,404.2 1 0
right-sizer/retry/retry.go:406.47,407.43 1 0
right-sizer/retry/retry.go:407.43,408.35 1 0
right-sizer/retry/retry.go:408.35,410.4 1 0
right-sizer/retry/retry.go:412.2,412.14 1 0
right-sizer/retry/retry.go:416.43,417.16 1 0
right-sizer/retry/retry.go:417.16,419.3 1 0
right-sizer/retry/retry.go:421.2,421.64 1 0
right-sizer/retry/retry.go:430.51,434.2 1 0
right-sizer/retry/retry.go:437.65,439.2 1 0
right-sizer/retry/retry.go:474.98,475.31 1 0
right-sizer/retry/retry.go:475.31,476.58 1 0
right-sizer/retry/retry.go:476.58,478.4 1 0
right-sizer/retry/retry.go:481.2,490.3 1 0
right-sizer/retry/retry.go:494.72,495.96 1 0
right-sizer/retry/retry.go:495.96,497.3 1 0
right-sizer/retry/retry.go:501.115,504.56 2 0
right-sizer/retry/retry.go:504.56,505.24 1 0
right-sizer/retry/retry.go:505.24,507.4 1 0
right-sizer/retry/retry.go:509.3,510.17 2 0
right-sizer/retry/retry.go:510.17,511.40 1 0
right-sizer/retry/retry.go:511.40,513.5 1 0
right-sizer/retry/retry.go:514.4,514.14 1 0
right-sizer/retry/retry.go:517.3,520.36 2 0
right-sizer/retry/retry.go:520.36,522.4 1 0
right-sizer/retry/retry.go:525.3,525.31 1 0
right-sizer/retry/retry.go:525.31,526.9 1 0
right-sizer/retry/retry.go:530.3,530.24 1 0
right-sizer/retry/retry.go:530.24,532.4 1 0
right-sizer/retry/retry.go:535.3,538.10 2 0
right-sizer/retry/retry.go:539.21,540.20 1 0
right-sizer/retry/retry.go:541.28,541.28 0 0
right-sizer/retry/retry.go:545.2,545.101 1 0
right-sizer/retry/retry.go:549.79,552.21 2 0
right-sizer/retry/retry.go:553.26,554.87 1 0
right-sizer/retry/retry.go:555.21,556.82 1 0
right-sizer/retry/retry.go:557.23,558.23 1 0
right-sizer/retry/retry.go:559.10,560.23 1 0
right-sizer/retry/retry.go:563.2,563.25 1 0
right-sizer/retry/retry.go:563.25,565.3 1 0
right-sizer/retry/retry.go:567.2,567.14 1 0
right-sizer/validation/resource_validator.go:42.44,44.2 1 0
right-sizer/validation/resource_validator.go:47.48,49.2 1 0
right-sizer/validation/resource_validator.go:52.50,55.2 2 0
right-sizer/validation/resource_validator.go:58.52,60.2 1 0
right-sizer/validation/resource_validator.go:63.49,65.2 1 0
right-sizer/validation/resource_validator.go:68.45,71.24 2 0
right-sizer/validation/resource_validator.go:71.24,73.3 1 0
right-sizer/validation/resource_validator.go:74.2,74.26 1 0
right-sizer/validation/resource_validator.go:74.26,76.3 1 0
right-sizer/validation/resource_validator.go:77.2,77.22 1 0
right-sizer/validation/resource_validator.go:77.22,79.3 1 0
right-sizer/validation/resource_validator.go:81.2,81.35 1 0
right-sizer/validation/resource_validator.go:96.155,106.2 1 0
right-sizer/validation/resource_validator.go:109.173,119.32 4 0
right-sizer/validation/resource_validator.go:119.32,120.49 1 0
right-sizer/validation/resource_validator.go:120.49,121.39 1 0
right-sizer/validation/resource_validator.go:121.39,123.10 2 0
right-sizer/validation/resource_validator.go:129.2,141.23 5 0
right-sizer/validation/resource_validator.go:141.23,142.24 1 0
right-sizer/validation/resource_validator.go:142.24,143.38 1 0
right-sizer/validation/resource_validator.go:143.38,145.5 1 0
right-sizer/validation/resource_validator.go:149.2,149.15 1 0
right-sizer/validation/resource_validator.go:153.118,155.58 1 0
right-sizer/validation/resource_validator.go:155.58,156.67 1 0
right-sizer/validation/resource_validator.go:156.67,157.64 1 0
right-sizer/validation/resource_validator.go:157.64,158.37 1 0
right-sizer/validation/resource_validator.go:158.37,160.6 1 0
right-sizer/validation/resource_validator.go:164.3,164.70 1 0
right-sizer/validation/resource_validator.go:164.70,165.67 1 0
right-sizer/validation/resource_validator.go:165.67,166.37 1 0
right-sizer/validation/resource_validator.go:166.37,168.6 1 0
right-sizer/validation/resource_validator.go:174.2,174.31 1 0
right-sizer/validation/resource_validator.go:174.31,175.58 1 0
right-sizer/validation/resource_validator.go:175.58,176.27 1 0
right-sizer/validation/resource_validator.go:176.27,178.5 1 0
right-sizer/validation/resource_validator.go:182.2,182.29 1 0
right-sizer/validation/resource_validator.go:182.29,183.56 1 0
right-sizer/validation/resource_validator.go:183.56,184.27 1 0
right-sizer/validation/resource_validator.go:184.27,186.5 1 0
right-sizer/validation/resource_validator.go:192.123,193.31 1 0
right-sizer/validation/resource_validator.go:193.31,194.67 1 0
right-sizer/validation/resource_validator.go:194.67,196.43 2 0
right-sizer/validation/resource_validator.go:196.43,198.5 1 0
right-sizer/validation/resource_validator.go:201.3,201.70 1 0
right-sizer/validation/resource_validator.go:201.70,203.42 2 0
right-sizer/validation/resource_validator.go:203.42,205.5 1 0
right-sizer/validation/resource_validator.go:209.2,209.29 1 0
right-sizer/validation/resource_validator.go:209.29,210.63 1 0
right-sizer/validation/resource_validator.go:210.63,212.41 2 0
right-sizer/validation/resource_validator.go:212.41,214.5 1 0
right-sizer/validation/resource_validator.go:217.3,217.66 1 0
right-sizer/validation/resource_validator.go:217.66,219.40 2 0
right-sizer/validation/resource_validator.go:219.40,221.5 1 0
right-sizer/validation/resource_validator.go:227.122,229.52 1 0
right-sizer/validation/resource_validator.go:229.52,230.65 1 0
right-sizer/validation/resource_validator.go:230.65,231.58 1 0
right-sizer/validation/resource_validator.go:231.58,232.95 1 0
right-sizer/validation/resource_validator.go:232.95,233.27 1 0
right-sizer/validation/resource_validator.go:233.27,235.7 1 0
right-sizer/validation/resource_validator.go:236.6,236.124 1 0
right-sizer/validation/resource_validator.go:243.2,243.52 1 0
right-sizer/validation/resource_validator.go:243.52,244.68 1 0
right-sizer/validation/resource_validator.go:244.68,245.61 1 0
right-sizer/validation/resource_validator.go:245.61,248.67 3 0
right-sizer/validation/resource_validator.go:248.67,249.27 1 0
right-sizer/validation/resource_validator.go:249.27,251.7 1 0
right-sizer/validation/resource_validator.go:252.6,252.127 1 0
right-sizer/validation/resource_validator.go:260.155,267.104 4 0
right-sizer/validation/resource_validator.go:267.104,269.3 1 0
right-sizer/validation/resource_validator.go:272.2,272.34 1 0
right-sizer/validation/resource_validator.go:272.34,274.92 1 0
right-sizer/validation/resource_validator.go:274.92,275.12 1 0
right-sizer/validation/resource_validator.go:279.3,279.81 1 0
right-sizer/validation/resource_validator.go:279.81,280.12 1 0
right-sizer/validation/resource_validator.go:284.3,284.47 1 0
right-sizer/validation/resource_validator.go:284.47,285.74 1 0
right-sizer/validation/resource_validator.go:285.74,287.5 1 0
right-sizer/validation/resource_validator.go:288.4,288.77 1 0
right-sizer/validation/resource_validator.go:288.77,290.5 1 0
right-sizer/validation/resource_validator.go:294.2,297.8 1 0
right-sizer/validation/resource_validator.go:301.154,302.29 1 0
right-sizer/validation/resource_validator.go:302.29,305.3 2 0
right-sizer/validation/resource_validator.go:307.2,308.16 2 0
right-sizer/validation/resource_validator.go:308.16,311.3 2 0
right-sizer/validation/resource_validator.go:314.2,315.16 2 0
right-sizer/validation/resource_validator.go:315.16,320.3 3 0
right-sizer/validation/resource_validator.go:323.2,323.31 1 0
right-sizer/validation/resource_validator.go:323.31,324.67 1 0
right-sizer/validation/resource_validator.go:324.67,326.40 2 0
right-sizer/validation/resource_validator.go:326.40,332.5 2 0
right-sizer/validation/resource_validator.go:335.3,335.70 1 0
right-sizer/validation/resource_validator.go:335.70,337.43 2 0
right-sizer/validation/resource_validator.go:337.43,343.5 2 0
right-sizer/validation/resource_validator.go:348.2,348.29 1 0
right-sizer/validation/resource_validator.go:348.29,349.63 1 0
right-sizer/validation/resource_validator.go:349.63,351.40 2 0
right-sizer/validation/resource_validator.go:351.40,355.5 1 0
right-sizer/validation/resource_validator.go:358.3,358.66 1 0
right-sizer/validation/resource_validator.go:358.66,360.43 2 0
right-sizer/validation/resource_validator.go:360.43,364.5 1 0
right-sizer/validation/resource_validator.go:370.143,371.31 1 0
right-sizer/validation/resource_validator.go:371.31,372.67 1 0
right-sizer/validation/resource_validator.go:372.67,374.43 2 0
right-sizer/validation/resource_validator.go:374.43,376.5 1 0
right-sizer/validation/resource_validator.go:379.3,379.70 1 0
right-sizer/validation/resource_validator.go:379.70,381.43 2 0
right-sizer/validation/resource_validator.go:381.43,383.5 1 0
right-sizer/validation/resource_validator.go:389.155,391.16 2 0
right-sizer/validation/resource_validator.go:391.16,394.3 2 0
right-sizer/validation/resource_validator.go:396.2,396.30 1 0
right-sizer/validation/resource_validator.go:396.30,398.3 1 0
right-sizer/validation/resource_validator.go:401.2,401.47 1 0
right-sizer/validation/resource_validator.go:405.153,407.16 2 0
right-sizer/validation/resource_validator.go:407.16,410.3 2 0
right-sizer/validation/resource_validator.go:412.2,412.41 1 0
right-sizer/validation/resource_validator.go:412.41,414.3 1 0
right-sizer/validation/resource_validator.go:418.155,423.52 3 0
right-sizer/validation/resource_validator.go:423.52,424.38 1 0
right-sizer/validation/resource_validator.go:424.38,426.9 2 0
right-sizer/validation/resource_validator.go:430.2,432.26 2 0
right-sizer/validation/resource_validator.go:432.26,434.3 1 0
right-sizer/validation/resource_validator.go:438.98,439.44 1 0
right-sizer/validation/resource_validator.go:439.44,441.3 1 0
right-sizer/validation/resource_validator.go:443.2,445.16 3 0
right-sizer/validation/resource_validator.go:445.16,447.3 1 0
right-sizer/validation/resource_validator.go:449.2,450.18 2 0
right-sizer/validation/resource_validator.go:454.117,455.47 1 0
right-sizer/validation/resource_validator.go:455.47,457.3 1 0
right-sizer/validation/resource_validator.go:459.2,461.16 3 0
right-sizer/validation/resource_validator.go:461.16,463.3 1 0
right-sizer/validation/resource_validator.go:465.2,465.31 1 0
right-sizer/validation/resource_validator.go:465.31,467.3 1 0
right-sizer/validation/resource_validator.go:470.2,472.19 3 0
right-sizer/validation/resource_validator.go:476.114,477.49 1 0
right-sizer/validation/resource_validator.go:477.49,479.3 1 0
right-sizer/validation/resource_validator.go:481.2,483.16 3 0
right-sizer/validation/resource_validator.go:483.16,485.3 1 0
right-sizer/validation/resource_validator.go:487.2,488.38 2 0
right-sizer/validation/resource_validator.go:488.38,490.3 1 0
right-sizer/validation/resource_validator.go:492.2,493.20 2 0
right-sizer/validation/resource_validator.go:497.141,501.31 3 0
right-sizer/validation/resource_validator.go:501.31,502.67 1 0
right-sizer/validation/resource_validator.go:502.67,503.47 1 0
right-sizer/validation/resource_validator.go:503.47,504.48 1 0
right-sizer/validation/resource_validator.go:504.48,507.39 3 0
right-sizer/validation/resource_validator.go:507.39,509.7 1 0
right-sizer/validation/resource_validator.go:514.3,514.70 1 0
right-sizer/validation/resource_validator.go:514.70,515.50 1 0
right-sizer/validation/resource_validator.go:515.50,516.51 1 0
right-sizer/validation/resource_validator.go:516.51,519.39 3 0
right-sizer/validation/resource_validator.go:519.39,521.7 1 0
right-sizer/validation/resource_validator.go:529.152,530.47 1 0
right-sizer/validation/resource_validator.go:530.47,531.46 1 0
right-sizer/validation/resource_validator.go:531.46,532.12 1 0
right-sizer/validation/resource_validator.go:536.3,536.23 1 0
right-sizer/validation/resource_validator.go:536.23,538.4 1 0
right-sizer/validation/resource_validator.go:541.3,541.23 1 0
right-sizer/validation/resource_validator.go:541.23,543.4 1 0
right-sizer/validation/resource_validator.go:546.3,546.40 1 0
right-sizer/validation/resource_validator.go:546.40,548.4 1 0
right-sizer/validation/resource_validator.go:553.144,554.31 1 0
right-sizer/validation/resource_validator.go:554.31,555.46 1 0
right-sizer/validation/resource_validator.go:555.46,556.67 1 0
right-sizer/validation/resource_validator.go:556.67,557.45 1 0
right-sizer/validation/resource_validator.go:557.45,559.6 1 0
right-sizer/validation/resource_validator.go:566.144,567.29 1 0
right-sizer/validation/resource_validator.go:567.29,568.46 1 0
right-sizer/validation/resource_validator.go:568.46,569.63 1 0
right-sizer/validation/resource_validator.go:569.63,570.43 1 0
right-sizer/validation/resource_validator.go:570.43,572.6 1 0
right-sizer/validation/resource_validator.go:579.147,580.58 1 0
right-sizer/validation/resource_validator.go:580.58,582.3 1 0
right-sizer/validation/resource_validator.go:584.2,584.55 1 0
right-sizer/validation/resource_validator.go:584.55,588.50 3 0
right-sizer/validation/resource_validator.go:588.50,592.31 3 0
right-sizer/validation/resource_validator.go:592.31,594.5 1 0
right-sizer/validation/resource_validator.go:600.54,606.48 5 0
right-sizer/validation/resource_validator.go:606.48,608.60 1 0
right-sizer/validation/resource_validator.go:608.60,609.48 1 0
right-sizer/validation/resource_validator.go:609.48,611.5 1 0
right-sizer/validation/resource_validator.go:611.10,614.5 2 0
right-sizer/validation/resource_validator.go:618.3,618.58 1 0
right-sizer/validation/resource_validator.go:618.58,619.46 1 0
right-sizer/validation/resource_validator.go:619.46,621.5 1 0
right-sizer/validation/resource_validator.go:621.10,624.5 2 0
right-sizer/validation/resource_validator.go:629.2,629.44 1 0
right-sizer/validation/resource_validator.go:629.44,631.3 1 0
right-sizer/validation/resource_validator.go:631.8,632.35 1 0
right-sizer/validation/resource_validator.go:632.35,633.69 1 0
right-sizer/validation/resource_validator.go:633.69,635.10 2 0
right-sizer/validation/resource_validator.go:640.2,640.18 1 0
right-sizer/validation/resource_validator.go:640.18,642.3 1 0
right-sizer/validation/resource_validator.go:645.2,645.31 1 0
right-sizer/validation/resource_validator.go:645.31,646.33 1 0
right-sizer/validation/resource_validator.go:646.33,648.4 1 0
right-sizer/validation/resource_validator.go:651.2,651.31 1 0
right-sizer/validation/resource_validator.go:651.31,652.35 1 0
right-sizer/validation/resource_validator.go:652.35,654.4 1 0
right-sizer/validation/resource_validator.go:657.2,657.32 1 0
right-sizer/validation/resource_validator.go:661.44,665.2 3 0
right-sizer/validation/resource_validator.go:668.71,673.54 3 0
right-sizer/validation/resource_validator.go:673.54,675.3 1 0
right-sizer/validation/resource_validator.go:677.2,677.32 1 0
right-sizer/validation/resource_validator.go:677.32,680.3 2 0
right-sizer/validation/resource_validator.go:682.2,683.12 2 0
right-sizer/main.go:52.13,67.16 7 0
right-sizer/main.go:67.16,70.3 1 0
right-sizer/main.go:71.2,105.16 20 0
right-sizer/main.go:105.16,107.3 1 0
right-sizer/main.go:107.8,115.17 5 0
right-sizer/main.go:115.17,117.4 1 0
right-sizer/main.go:117.9,129.4 5 0
right-sizer/main.go:132.3,138.17 6 0
right-sizer/main.go:138.17,142.58 3 0
right-sizer/main.go:142.58,143.39 1 0
right-sizer/main.go:143.39,145.6 1 0
right-sizer/main.go:146.5,146.40 1 0
right-sizer/main.go:146.40,148.6 1 0
right-sizer/main.go:151.4,151.17 1 0
right-sizer/main.go:151.17,153.5 1 0
right-sizer/main.go:153.10,155.5 1 0
right-sizer/main.go:157.4,157.21 1 0
right-sizer/main.go:157.21,159.5 1 0
right-sizer/main.go:159.10,161.5 1 0
right-sizer/main.go:162.9,164.4 1 0
right-sizer/main.go:167.3,168.17 2 0
right-sizer/main.go:168.17,170.4 1 0
right-sizer/main.go:170.9,172.4 1 0
right-sizer/main.go:175.2,179.65 3 0
right-sizer/main.go:179.65,180.59 1 0
right-sizer/main.go:180.59,183.4 2 0
right-sizer/main.go:186.2,187.61 2 0
right-sizer/main.go:187.61,189.3 1 0
right-sizer/main.go:191.2,192.35 2 0
right-sizer/main.go:192.35,194.3 1 0
right-sizer/main.go:196.2,196.26 1 0
right-sizer/main.go:196.26,200.3 3 0
right-sizer/main.go:203.2,226.16 2 0
right-sizer/main.go:226.16,229.3 2 0
right-sizer/main.go:232.2,232.84 1 0
right-sizer/main.go:232.84,235.3 2 0
right-sizer/main.go:236.2,236.83 1 0
right-sizer/main.go:236.83,239.3 2 0
right-sizer/main.go:241.2,241.92 1 0
right-sizer/main.go:241.92,243.3 1 0
right-sizer/main.go:244.2,250.62 5 0
right-sizer/main.go:250.62,253.3 2 0
right-sizer/main.go:256.2,257.16 2 0
right-sizer/main.go:257.16,260.3 2 0
right-sizer/main.go:263.2,267.61 3 0
right-sizer/main.go:267.61,269.3 1 0
right-sizer/main.go:272.2,275.16 4 0
right-sizer/main.go:275.16,277.3 1 0
right-sizer/main.go:280.2,342.63 16 0
right-sizer/main.go:342.63,345.3 2 0
right-sizer/main.go:346.2,355.63 3 0
right-sizer/main.go:355.63,358.3 2 0
right-sizer/main.go:359.2,368.87 3 0
right-sizer/main.go:368.87,371.3 2 0
right-sizer/main.go:372.2,375.12 2 0
right-sizer/main.go:375.12,379.25 2 0
right-sizer/main.go:379.25,381.70 2 0
right-sizer/main.go:381.70,383.5 1 0
right-sizer/main.go:388.2,388.12 1 0
right-sizer/main.go:388.12,392.55 2 0
right-sizer/main.go:392.55,398.52 5 0
right-sizer/main.go:398.52,401.5 2 0
right-sizer/main.go:401.10,403.5 1 0
right-sizer/main.go:404.9,406.4 1 0
right-sizer/main.go:410.2,417.12 6 0
right-sizer/main.go:417.12,423.3 5 0
right-sizer/main.go:426.2,426.9 1 0
right-sizer/main.go:427.20,428.80 1 0
right-sizer/main.go:429.28,430.17 1 0
right-sizer/main.go:430.17,432.4 1 0
right-sizer/main.go:436.2,440.24 3 0
right-sizer/main.go:440.24,442.45 2 0
right-sizer/main.go:442.45,444.4 1 0
right-sizer/main.go:447.2,447.27 1 0
right-sizer/main.go:447.27,449.58 2 0
right-sizer/main.go:449.58,451.4 1 0
right-sizer/main.go:455.2,462.28 6 0
right-sizer/main.go:462.28,464.3 1 0
right-sizer/main.go:465.2,465.57 1 0
right-sizer/controllers/adaptive_rightsizer.go:96.139,103.13 5 0
right-sizer/controllers/adaptive_rightsizer.go:103.13,107.3 2 0
right-sizer/controllers/adaptive_rightsizer.go:110.2,113.66 2 0
right-sizer/controllers/adaptive_rightsizer.go:113.66,117.3 2 0
right-sizer/controllers/adaptive_rightsizer.go:120.2,120.14 1 0
right-sizer/controllers/adaptive_rightsizer.go:124.109,136.2 3 0
right-sizer/controllers/adaptive_rightsizer.go:139.57,144.41 4 0
right-sizer/controllers/adaptive_rightsizer.go:144.41,145.47 1 0
right-sizer/controllers/adaptive_rightsizer.go:145.47,147.4 1 0
right-sizer/controllers/adaptive_rightsizer.go:152.63,159.22 4 0
right-sizer/controllers/adaptive_rightsizer.go:159.22,161.3 1 0
right-sizer/controllers/adaptive_rightsizer.go:161.8,163.3 1 0
right-sizer/controllers/adaptive_rightsizer.go:165.2,170.6 3 0
right-sizer/controllers/adaptive_rightsizer.go:170.6,171.10 1 0
right-sizer/controllers/adaptive_rightsizer.go:172.19,175.32 2 0
right-sizer/controllers/adaptive_rightsizer.go:176.21,178.14 2 0
right-sizer/controllers/adaptive_rightsizer.go:184.78,188.24 1 0
right-sizer/controllers/adaptive_rightsizer.go:188.24,191.3 2 0
right-sizer/controllers/adaptive_rightsizer.go:194.2,195.16 2 0
right-sizer/controllers/adaptive_rightsizer.go:195.16,198.3 2 0
right-sizer/controllers/adaptive_rightsizer.go:201.2,209.36 5 0
right-sizer/controllers/adaptive_rightsizer.go:209.36,222.44 3 0
right-sizer/controllers/adaptive_rightsizer.go:222.44,225.4 2 0
right-sizer/controllers/adaptive_rightsizer.go:227.3,227.14 1 0
right-sizer/controllers/adaptive_rightsizer.go:230.2,231.14 2 0
right-sizer/controllers/adaptive_rightsizer.go:235.70,240.17 3 0
right-sizer/controllers/adaptive_rightsizer.go:240.17,244.3 3 0
right-sizer/controllers/adaptive_rightsizer.go:245.2,249.15 3 0
right-sizer/controllers/adaptive_rightsizer.go:249.15,257.28 6 0
right-sizer/controllers/adaptive_rightsizer.go:257.28,259.4 1 0
right-sizer/controllers/adaptive_rightsizer.go:262.2,267.16 3 0
right-sizer/controllers/adaptive_rightsizer.go:267.16,269.3 1 0
right-sizer/controllers/adaptive_rightsizer.go:269.8,271.3 1 0
right-sizer/controllers/adaptive_rightsizer.go:274.2,274.30 1 0
right-sizer/controllers/adaptive_rightsizer.go:278.92,280.53 2 0
right-sizer/controllers/adaptive_rightsizer.go:280.53,282.3 1 0
right-sizer/controllers/adaptive_rightsizer.go:284.2,290.36 4 0
right-sizer/controllers/adaptive_rightsizer.go:290.36,292.39 1 0
right-sizer/controllers/adaptive_rightsizer.go:292.39,294.9 2 0
right-sizer/controllers/adaptive_rightsizer.go:297.3,297.44 1 0
right-sizer/controllers/adaptive_rightsizer.go:297.44,298.12 1 0
right-sizer/controllers/adaptive_rightsizer.go:302.3,302.47 1 0
right-sizer/controllers/adaptive_rightsizer.go:302.47,303.12 1 0
right-sizer/controllers/adaptive_rightsizer.go:305.3,305.50 1 0
right-sizer/controllers/adaptive_rightsizer.go:305.50,306.12 1 0
right-sizer/controllers/adaptive_rightsizer.go:310.3,310.29 1 0
right-sizer/controllers/adaptive_rightsizer.go:310.29,311.79 1 0
right-sizer/controllers/adaptive_rightsizer.go:311.79,312.13 1 0
right-sizer/controllers/adaptive_rightsizer.go:317.3,318.17 2 0
right-sizer/controllers/adaptive_rightsizer.go:318.17,320.12 2 0
right-sizer/controllers/adaptive_rightsizer.go:324.3,324.49 1 0
right-sizer/controllers/adaptive_rightsizer.go:324.49,329.79 2 0
right-sizer/controllers/adaptive_rightsizer.go:329.79,332.13 2 0
right-sizer/controllers/adaptive_rightsizer.go:336.4,336.79 1 0
right-sizer/controllers/adaptive_rightsizer.go:336.79,337.13 1 0
right-sizer/controllers/adaptive_rightsizer.go:343.4,345.89 2 0
right-sizer/controllers/adaptive_rightsizer.go:345.89,357.21 9 0
right-sizer/controllers/adaptive_rightsizer.go:357.21,359.6 1 0
right-sizer/controllers/adaptive_rightsizer.go:360.5,360.21 1 0
right-sizer/controllers/adaptive_rightsizer.go:360.21,362.6 1 0
right-sizer/controllers/adaptive_rightsizer.go:365.5,366.86 1 0
right-sizer/controllers/adaptive_rightsizer.go:366.86,375.6 2 0
right-sizer/controllers/adaptive_rightsizer.go:376.5,385.7 1 0
right-sizer/controllers/adaptive_rightsizer.go:389.3,389.18 1 0
right-sizer/controllers/adaptive_rightsizer.go:392.2,392.21 1 0
right-sizer/controllers/adaptive_rightsizer.go:396.99,400.2 1 0
right-sizer/controllers/adaptive_rightsizer.go:403.90,404.23 1 0
right-sizer/controllers/adaptive_rightsizer.go:404.23,406.3 1 0
right-sizer/controllers/adaptive_rightsizer.go:409.2,409.22 1 0
right-sizer/controllers/adaptive_rightsizer.go:409.22,411.3 1 0
right-sizer/controllers/adaptive_rightsizer.go:414.2,415.37 2 0
right-sizer/controllers/adaptive_rightsizer.go:415.37,420.3 3 0
right-sizer/controllers/adaptive_rightsizer.go:423.2,429.20 5 0
right-sizer/controllers/adaptive_rightsizer.go:429.20,431.3 1 0
right-sizer/controllers/adaptive_rightsizer.go:432.2,432.30 1 0
right-sizer/controllers/adaptive_rightsizer.go:432.30,434.3 1 0
right-sizer/controllers/adaptive_rightsizer.go:435.2,435.27 1 0
right-sizer/controllers/adaptive_rightsizer.go:435.27,437.3 1 0
right-sizer/controllers/adaptive_rightsizer.go:440.2,440.14 1 0
right-sizer/controllers/adaptive_rightsizer.go:440.14,441.34 1 0
right-sizer/controllers/adaptive_rightsizer.go:441.34,443.4 1 0
right-sizer/controllers/adaptive_rightsizer.go:444.3,444.9 1 0
right-sizer/controllers/adaptive_rightsizer.go:448.2,448.33 1 0
right-sizer/controllers/adaptive_rightsizer.go:448.33,450.3 1 0
right-sizer/controllers/adaptive_rightsizer.go:453.2,454.33 2 0
right-sizer/controllers/adaptive_rightsizer.go:454.33,455.35 1 0
right-sizer/controllers/adaptive_rightsizer.go:455.35,457.4 1 0
right-sizer/controllers/adaptive_rightsizer.go:460.2,460.26 1 0
right-sizer/controllers/adaptive_rightsizer.go:460.26,462.3 1 0
right-sizer/controllers/adaptive_rightsizer.go:465.2,467.15 2 0
right-sizer/controllers/adaptive_rightsizer.go:467.15,470.3 1 0
right-sizer/controllers/adaptive_rightsizer.go:472.2,472.50 1 0
right-sizer/controllers/adaptive_rightsizer.go:472.50,475.28 2 0
right-sizer/controllers/adaptive_rightsizer.go:475.28,477.4 1 0
right-sizer/controllers/adaptive_rightsizer.go:479.3,483.34 3 0
right-sizer/controllers/adaptive_rightsizer.go:483.34,485.4 1 0
right-sizer/controllers/adaptive_rightsizer.go:488.3,488.32 1 0
right-sizer/controllers/adaptive_rightsizer.go:488.32,490.11 1 0
right-sizer/controllers/adaptive_rightsizer.go:491.22,493.11 2 0
right-sizer/controllers/adaptive_rightsizer.go:494.12,494.12 0 0
right-sizer/controllers/adaptive_rightsizer.go:497.4,498.18 2 0
right-sizer/controllers/adaptive_rightsizer.go:498.18,500.5 1 0
right-sizer/controllers/adaptive_rightsizer.go:500.10,500.138 1 0
right-sizer/controllers/adaptive_rightsizer.go:500.138,502.5 1 0
right-sizer/controllers/adaptive_rightsizer.go:505.4,505.24 1 0
right-sizer/controllers/adaptive_rightsizer.go:505.24,507.5 1 0
right-sizer/controllers/adaptive_rightsizer.go:511.3,511.36 1 0
right-sizer/controllers/adaptive_rightsizer.go:511.36,514.4 2 0
right-sizer/controllers/adaptive_rightsizer.go:518.2,519.23 2 0
right-sizer/controllers/adaptive_rightsizer.go:519.23,522.3 1 0
right-sizer/controllers/adaptive_rightsizer.go:523.2,523.35 1 0
right-sizer/controllers/adaptive_rightsizer.go:523.35,525.3 1 0
right-sizer/controllers/adaptive_rightsizer.go:530.107,540.23 4 0
right-sizer/controllers/adaptive_rightsizer.go:540.23,542.3 1 0
right-sizer/controllers/adaptive_rightsizer.go:545.2,547.48 3 0
right-sizer/controllers/adaptive_rightsizer.go:547.48,548.45 1 0
right-sizer/controllers/adaptive_rightsizer.go:548.45,551.9 3 0
right-sizer/controllers/adaptive_rightsizer.go:555.2,555.53 1 0
right-sizer/controllers/adaptive_rightsizer.go:555.53,557.3 1 0
right-sizer/controllers/adaptive_rightsizer.go:560.2,565.47 4 0
right-sizer/controllers/adaptive_rightsizer.go:565.47,568.50 2 0
right-sizer/controllers/adaptive_rightsizer.go:568.50,570.4 1 0
right-sizer/controllers/adaptive_rightsizer.go:572.3,572.44 1 0
right-sizer/controllers/adaptive_rightsizer.go:572.44,574.4 1 0
right-sizer/controllers/adaptive_rightsizer.go:575.8,575.83 1 0
right-sizer/controllers/adaptive_rightsizer.go:575.83,578.3 1 0
right-sizer/controllers/adaptive_rightsizer.go:581.2,590.52 8 0
right-sizer/controllers/adaptive_rightsizer.go:590.52,598.55 6 0
right-sizer/controllers/adaptive_rightsizer.go:598.55,600.4 1 0
right-sizer/controllers/adaptive_rightsizer.go:600.9,600.66 1 0
right-sizer/controllers/adaptive_rightsizer.go:600.66,602.4 1 0
right-sizer/controllers/adaptive_rightsizer.go:604.3,605.51 2 0
right-sizer/controllers/adaptive_rightsizer.go:605.51,607.4 1 0
right-sizer/controllers/adaptive_rightsizer.go:607.9,607.62 1 0
right-sizer/controllers/adaptive_rightsizer.go:607.62,609.4 1 0
right-sizer/controllers/adaptive_rightsizer.go:611.3,611.47 1 0
right-sizer/controllers/adaptive_rightsizer.go:611.47,614.4 1 0
right-sizer/controllers/adaptive_rightsizer.go:617.3,618.27 2 0
right-sizer/controllers/adaptive_rightsizer.go:618.27,620.4 1 0
right-sizer/controllers/adaptive_rightsizer.go:621.3,621.29 1 0
right-sizer/controllers/adaptive_rightsizer.go:621.29,623.4 1 0
right-sizer/controllers/adaptive_rightsizer.go:624.3,627.29 2 0
right-sizer/controllers/adaptive_rightsizer.go:627.29,629.4 1 0
right-sizer/controllers/adaptive_rightsizer.go:630.3,630.31 1 0
right-sizer/controllers/adaptive_rightsizer.go:630.31,632.4 1 0
right-sizer/controllers/adaptive_rightsizer.go:635.3,635.74 1 0
right-sizer/controllers/adaptive_rightsizer.go:635.74,637.4 1 0
right-sizer/controllers/adaptive_rightsizer.go:639.3,639.17 1 0
right-sizer/controllers/adaptive_rightsizer.go:643.2,646.41 2 0
right-sizer/controllers/adaptive_rightsizer.go:646.41,647.61 1 0
right-sizer/controllers/adaptive_rightsizer.go:647.61,648.72 1 0
right-sizer/controllers/adaptive_rightsizer.go:648.72,649.34 1 0
right-sizer/controllers/adaptive_rightsizer.go:649.34,651.11 2 0
right-sizer/controllers/adaptive_rightsizer.go:653.10,655.10 2 0
right-sizer/controllers/adaptive_rightsizer.go:661.2,661.60 1 0
right-sizer/controllers/adaptive_rightsizer.go:661.60,662.59 1 0
right-sizer/controllers/adaptive_rightsizer.go:662.59,663.70 1 0
right-sizer/controllers/adaptive_rightsizer.go:663.70,664.34 1 0
right-sizer/controllers/adaptive_rightsizer.go:664.34,666.11 2 0
right-sizer/controllers/adaptive_rightsizer.go:668.10,670.10 2 0
right-sizer/controllers/adaptive_rightsizer.go:676.2,676.23 1 0
right-sizer/controllers/adaptive_rightsizer.go:676.23,678.3 1 0
right-sizer/controllers/adaptive_rightsizer.go:682.2,694.70 4 0
right-sizer/controllers/adaptive_rightsizer.go:694.70,700.3 1 0
right-sizer/controllers/adaptive_rightsizer.go:703.2,703.66 1 0
right-sizer/controllers/adaptive_rightsizer.go:703.66,709.3 1 0
[...]
right-sizer/controllers/rightsizerpolicy_controller.go:416.10,417.71 1 0
right-sizer/controllers/rightsizerpolicy_controller.go:421.2,424.53 2 0
right-sizer/controllers/rightsizerpolicy_controller.go:424.53,426.3 1 0
right-sizer/controllers/rightsizerpolicy_controller.go:428.2,428.29 1 0
right-sizer/controllers/rightsizerpolicy_controller.go:428.29,431.3 2 0
right-sizer/controllers/rightsizerpolicy_controller.go:434.2,437.36 3 0
right-sizer/controllers/rightsizerpolicy_controller.go:437.36,439.44 1 0
right-sizer/controllers/rightsizerpolicy_controller.go:439.44,440.12 1 0
right-sizer/controllers/rightsizerpolicy_controller.go:443.3,444.17 2 0
right-sizer/controllers/rightsizerpolicy_controller.go:444.17,446.12 2 0
right-sizer/controllers/rightsizerpolicy_controller.go:449.3,449.14 1 0
right-sizer/controllers/rightsizerpolicy_controller.go:449.14,453.4 3 0
right-sizer/controllers/rightsizerpolicy_controller.go:456.2,456.22 1 0
right-sizer/controllers/rightsizerpolicy_controller.go:456.22,463.3 2 0
right-sizer/controllers/rightsizerpolicy_controller.go:465.2,465.63 1 0
right-sizer/controllers/rightsizerpolicy_controller.go:469.150,471.35 1 0
right-sizer/controllers/rightsizerpolicy_controller.go:471.35,473.3 1 0
right-sizer/controllers/rightsizerpolicy_controller.go:476.2,479.48 3 0
right-sizer/controllers/rightsizerpolicy_controller.go:479.48,481.17 2 0
right-sizer/controllers/rightsizerpolicy_controller.go:481.17,483.12 2 0
right-sizer/controllers/rightsizerpolicy_controller.go:486.3,490.42 3 0
right-sizer/controllers/rightsizerpolicy_controller.go:490.42,498.4 6 0
right-sizer/controllers/rightsizerpolicy_controller.go:502.2,504.43 2 0
right-sizer/controllers/rightsizerpolicy_controller.go:504.43,506.3 1 0
right-sizer/controllers/rightsizerpolicy_controller.go:508.2,508.41 1 0
right-sizer/controllers/rightsizerpolicy_controller.go:512.234,518.128 4 0
right-sizer/controllers/rightsizerpolicy_controller.go:518.128,520.3 1 0
right-sizer/controllers/rightsizerpolicy_controller.go:522.2,522.29 1 0
right-sizer/controllers/rightsizerpolicy_controller.go:522.29,524.3 1 0
right-sizer/controllers/rightsizerpolicy_controller.go:527.2,529.36 3 0
right-sizer/controllers/rightsizerpolicy_controller.go:529.36,530.44 1 0
right-sizer/controllers/rightsizerpolicy_controller.go:530.44,531.12 1 0
right-sizer/controllers/rightsizerpolicy_controller.go:534.3,535.17 2 0
right-sizer/controllers/rightsizerpolicy_controller.go:535.17,536.12 1 0
right-sizer/controllers/rightsizerpolicy_controller.go:539.3,541.14 3 0
right-sizer/controllers/rightsizerpolicy_controller.go:544.2,544.20 1 0
right-sizer/controllers/rightsizerpolicy_controller.go:544.20,546.3 1 0
right-sizer/controllers/rightsizerpolicy_controller.go:549.2,555.56 2 0
right-sizer/controllers/rightsizerpolicy_controller.go:555.56,560.42 3 0
right-sizer/controllers/rightsizerpolicy_controller.go:560.42,568.4 6 0
right-sizer/controllers/rightsizerpolicy_controller.go:571.2,571.59 1 0
right-sizer/controllers/rightsizerpolicy_controller.go:575.160,589.43 10 0
right-sizer/controllers/rightsizerpolicy_controller.go:589.43,591.3 1 0
right-sizer/controllers/rightsizerpolicy_controller.go:592.2,592.41 1 0
right-sizer/controllers/rightsizerpolicy_controller.go:592.41,594.3 1 0
right-sizer/controllers/rightsizerpolicy_controller.go:595.2,595.41 1 0
right-sizer/controllers/rightsizerpolicy_controller.go:595.41,597.3 1 0
right-sizer/controllers/rightsizerpolicy_controller.go:598.2,598.39 1 0
right-sizer/controllers/rightsizerpolicy_controller.go:598.39,600.3 1 0
right-sizer/controllers/rightsizerpolicy_controller.go:602.2,602.46 1 0
right-sizer/controllers/rightsizerpolicy_controller.go:602.46,604.3 1 0
right-sizer/controllers/rightsizerpolicy_controller.go:605.2,605.44 1 0
right-sizer/controllers/rightsizerpolicy_controller.go:605.44,607.3 1 0
right-sizer/controllers/rightsizerpolicy_controller.go:608.2,608.44 1 0
right-sizer/controllers/rightsizerpolicy_controller.go:608.44,610.3 1 0
right-sizer/controllers/rightsizerpolicy_controller.go:611.2,611.42 1 0
right-sizer/controllers/rightsizerpolicy_controller.go:611.42,613.3 1 0
right-sizer/controllers/rightsizerpolicy_controller.go:616.2,622.36 5 0
right-sizer/controllers/rightsizerpolicy_controller.go:622.36,624.3 1 0
right-sizer/controllers/rightsizerpolicy_controller.go:625.2,625.39 1 0
right-sizer/controllers/rightsizerpolicy_controller.go:625.39,627.3 1 0
right-sizer/controllers/rightsizerpolicy_controller.go:629.2,629.25 1 0
right-sizer/controllers/rightsizerpolicy_controller.go:629.25,631.3 1 0
right-sizer/controllers/rightsizerpolicy_controller.go:632.2,632.25 1 0
right-sizer/controllers/rightsizerpolicy_controller.go:632.25,634.3 1 0
right-sizer/controllers/rightsizerpolicy_controller.go:637.2,643.34 5 0
right-sizer/controllers/rightsizerpolicy_controller.go:643.34,645.3 1 0
right-sizer/controllers/rightsizerpolicy_controller.go:646.2,646.37 1 0
right-sizer/controllers/rightsizerpolicy_controller.go:646.37,648.3 1 0
right-sizer/controllers/rightsizerpolicy_controller.go:650.2,650.23 1 0
right-sizer/controllers/rightsizerpolicy_controller.go:650.23,652.3 1 0
right-sizer/controllers/rightsizerpolicy_controller.go:653.2,653.23 1 0
right-sizer/controllers/rightsizerpolicy_controller.go:653.23,655.3 1 0
right-sizer/controllers/rightsizerpolicy_controller.go:657.2,666.3 1 0
right-sizer/controllers/rightsizerpolicy_controller.go:670.145,671.56 1 0
right-sizer/controllers/rightsizerpolicy_controller.go:671.56,672.54 1 0
right-sizer/controllers/rightsizerpolicy_controller.go:672.54,673.53 1 0
right-sizer/controllers/rightsizerpolicy_controller.go:673.53,675.5 1 0
right-sizer/controllers/rightsizerpolicy_controller.go:678.2,678.14 1 0
right-sizer/controllers/rightsizerpolicy_controller.go:682.60,683.48 1 0
right-sizer/controllers/rightsizerpolicy_controller.go:683.48,685.3 1 0
right-sizer/controllers/rightsizerpolicy_controller.go:686.2,686.54 1 0
right-sizer/controllers/rightsizerpolicy_controller.go:686.54,688.3 1 0
right-sizer/controllers/rightsizerpolicy_controller.go:689.2,689.44 1 0
right-sizer/controllers/rightsizerpolicy_controller.go:689.44,691.3 1 0
right-sizer/controllers/rightsizerpolicy_controller.go:692.2,692.50 1 0
right-sizer/controllers/rightsizerpolicy_controller.go:692.50,694.3 1 0
right-sizer/controllers/rightsizerpolicy_controller.go:695.2,695.13 1 0
right-sizer/controllers/rightsizerpolicy_controller.go:699.82,701.48 1 0
right-sizer/controllers/rightsizerpolicy_controller.go:701.48,702.71 1 0
right-sizer/controllers/rightsizerpolicy_controller.go:702.71,704.4 1 0
right-sizer/controllers/rightsizerpolicy_controller.go:706.2,706.14 1 0
right-sizer/controllers/rightsizerpolicy_controller.go:710.106,711.41 1 0
right-sizer/controllers/rightsizerpolicy_controller.go:711.41,713.17 2 0
right-sizer/controllers/rightsizerpolicy_controller.go:713.17,715.4 1 0
right-sizer/controllers/rightsizerpolicy_controller.go:718.2,718.20 1 0
right-sizer/controllers/rightsizerpolicy_controller.go:722.157,728.55 5 0
right-sizer/controllers/rightsizerpolicy_controller.go:728.55,730.3 1 0
right-sizer/controllers/rightsizerpolicy_controller.go:733.2,733.52 1 0
right-sizer/controllers/rightsizerpolicy_controller.go:737.149,741.2 1 0
right-sizer/controllers/rightsizerpolicy_controller.go:744.119,746.47 1 0
right-sizer/controllers/rightsizerpolicy_controller.go:746.47,749.3 2 0
right-sizer/controllers/rightsizerpolicy_controller.go:752.2,752.54 1 0
right-sizer/controllers/rightsizerpolicy_controller.go:752.54,753.36 1 0
right-sizer/controllers/rightsizerpolicy_controller.go:753.36,755.4 1 0
right-sizer/controllers/rightsizerpolicy_controller.go:759.2,759.40 1 0
right-sizer/controllers/rightsizerpolicy_controller.go:759.40,761.55 2 0
right-sizer/controllers/rightsizerpolicy_controller.go:761.55,762.37 1 0
right-sizer/controllers/rightsizerpolicy_controller.go:762.37,764.10 2 0
right-sizer/controllers/rightsizerpolicy_controller.go:767.3,767.13 1 0
right-sizer/controllers/rightsizerpolicy_controller.go:767.13,769.4 1 0
right-sizer/controllers/rightsizerpolicy_controller.go:772.2,772.13 1 0
right-sizer/controllers/rightsizerpolicy_controller.go:776.79,781.16 2 0
right-sizer/controllers/rightsizerpolicy_controller.go:781.16,783.3 1 0
right-sizer/controllers/rightsizerpolicy_controller.go:786.2,787.16 2 0
right-sizer/controllers/rightsizerpolicy_controller.go:787.16,789.3 1 0
right-sizer/controllers/rightsizerpolicy_controller.go:823.2,823.12 1 0
right-sizer/controllers/rightsizerpolicy_controller.go:827.101,832.47 3 0
right-sizer/controllers/rightsizerpolicy_controller.go:832.47,835.3 2 0
right-sizer/controllers/rightsizerpolicy_controller.go:837.2,840.40 2 0
right-sizer/controllers/rightsizerpolicy_controller.go:840.40,843.81 2 0
right-sizer/controllers/rightsizerpolicy_controller.go:843.81,846.50 2 0
right-sizer/controllers/rightsizerpolicy_controller.go:846.50,849.5 1 0
right-sizer/controllers/rightsizerpolicy_controller.go:849.10,851.57 1 0
right-sizer/controllers/rightsizerpolicy_controller.go:851.57,852.34 1 0
right-sizer/controllers/rightsizerpolicy_controller.go:852.34,854.12 2 0
right-sizer/controllers/rightsizerpolicy_controller.go:860.4,860.22 1 0
right-sizer/controllers/rightsizerpolicy_controller.go:860.22,861.72 1 0
right-sizer/controllers/rightsizerpolicy_controller.go:861.72,862.42 1 0
right-sizer/controllers/rightsizerpolicy_controller.go:862.42,864.12 2 0
right-sizer/controllers/rightsizerpolicy_controller.go:870.4,871.50 2 0
right-sizer/controllers/rightsizerpolicy_controller.go:871.50,873.19 2 0
right-sizer/controllers/rightsizerpolicy_controller.go:873.19,875.6 1 0
right-sizer/controllers/rightsizerpolicy_controller.go:878.4,878.36 1 0
right-sizer/controllers/rightsizerpolicy_controller.go:878.36,886.5 1 0
right-sizer/controllers/rightsizerpolicy_controller.go:890.2,890.17 1 0
right-sizer/metrics/memory_metrics.go:86.46,87.11 1 0
right-sizer/metrics/memory_metrics.go:88.26,89.16 1 0
right-sizer/metrics/memory_metrics.go:90.25,91.15 1 0
right-sizer/metrics/memory_metrics.go:92.28,93.18 1 0
right-sizer/metrics/memory_metrics.go:94.26,95.16 1 0
right-sizer/metrics/memory_metrics.go:96.30,97.20 1 0
right-sizer/metrics/memory_metrics.go:98.10,99.19 1 0
right-sizer/metrics/memory_metrics.go:104.40,364.2 3 0
right-sizer/metrics/memory_metrics.go:367.143,377.15 8 0
right-sizer/metrics/memory_metrics.go:377.15,381.3 3 0
right-sizer/metrics/memory_metrics.go:383.2,383.17 1 0
right-sizer/metrics/memory_metrics.go:383.17,385.3 1 0
right-sizer/metrics/memory_metrics.go:388.2,388.28 1 0
right-sizer/metrics/memory_metrics.go:388.28,393.23 4 0
right-sizer/metrics/memory_metrics.go:393.23,395.4 1 0
right-sizer/metrics/memory_metrics.go:396.3,396.85 1 0
right-sizer/metrics/memory_metrics.go:401.146,404.22 2 0
right-sizer/metrics/memory_metrics.go:404.22,407.3 2 0
right-sizer/metrics/memory_metrics.go:411.131,412.16 1 0
right-sizer/metrics/memory_metrics.go:412.16,414.3 1 0
right-sizer/metrics/memory_metrics.go:416.2,419.9 3 0
right-sizer/metrics/memory_metrics.go:420.32,422.91 2 0
right-sizer/metrics/memory_metrics.go:423.32,425.87 2 0
right-sizer/metrics/memory_metrics.go:426.32,428.89 2 0
right-sizer/metrics/memory_metrics.go:429.32,431.86 2 0
right-sizer/metrics/memory_metrics.go:432.10,433.37 1 0
right-sizer/metrics/memory_metrics.go:436.2,436.41 1 0
right-sizer/metrics/memory_metrics.go:436.41,438.3 1 0
right-sizer/metrics/memory_metrics.go:440.2,442.22 2 0
right-sizer/metrics/memory_metrics.go:446.73,449.2 2 0
right-sizer/metrics/memory_metrics.go:452.82,455.2 2 0
right-sizer/metrics/memory_metrics.go:458.126,463.17 4 0
right-sizer/metrics/memory_metrics.go:463.17,465.3 1 0
right-sizer/metrics/memory_metrics.go:465.8,465.25 1 0
right-sizer/metrics/memory_metrics.go:465.25,467.3 1 0
right-sizer/metrics/memory_metrics.go:471.97,474.2 2 0
right-sizer/metrics/memory_metrics.go:477.127,482.2 4 0
right-sizer/metrics/memory_metrics.go:487.94,493.15 2 0
right-sizer/metrics/memory_metrics.go:494.18,495.109 1 0
right-sizer/metrics/memory_metrics.go:496.14,497.117 1 0
right-sizer/metrics/memory_metrics.go:502.51,505.2 1 0
right-sizer/metrics/memory_metrics.go:508.60,511.2 1 0
right-sizer/metrics/memory_metrics.go:514.92,519.42 2 0
right-sizer/metrics/memory_metrics.go:519.42,522.3 1 0
right-sizer/metrics/memory_metrics.go:526.75,527.25 1 0
right-sizer/metrics/memory_metrics.go:527.25,530.3 1 0
right-sizer/metrics/memory_metrics.go:530.8,533.3 1 0
right-sizer/metrics/memory_metrics.go:537.97,542.2 2 0
right-sizer/metrics/memory_metrics.go:545.109,550.2 2 0
right-sizer/metrics/memory_metrics.go:553.87,554.22 1 0
right-sizer/metrics/memory_metrics.go:554.22,556.3 1 0
right-sizer/metrics/memory_metrics.go:559.2,561.28 3 0
right-sizer/metrics/memory_metrics.go:561.28,563.14 2 0
right-sizer/metrics/memory_metrics.go:563.14,565.4 1 0
right-sizer/metrics/memory_metrics.go:566.3,566.14 1 0
right-sizer/metrics/memory_metrics.go:566.14,568.4 1 0
right-sizer/metrics/memory_metrics.go:570.2,577.9 5 0
right-sizer/metrics/memory_metrics.go:578.27,580.113 2 0
right-sizer/metrics/memory_metrics.go:581.27,583.110 2 0
right-sizer/metrics/memory_metrics.go:584.27,586.119 2 0
right-sizer/metrics/memory_metrics.go:587.10,589.138 2 0
right-sizer/metrics/memory_metrics.go:593.2,593.23 1 0
right-sizer/metrics/memory_metrics.go:593.23,597.29 3 0
right-sizer/metrics/memory_metrics.go:597.29,603.4 5 0
right-sizer/metrics/memory_metrics.go:604.3,606.23 2 0
right-sizer/metrics/memory_metrics.go:606.23,610.4 2 0
right-sizer/metrics/memory_metrics.go:613.2,613.16 1 0
right-sizer/metrics/memory_metrics.go:617.45,622.47 4 0
right-sizer/metrics/memory_metrics.go:622.47,625.3 2 0
right-sizer/metrics/memory_metrics.go:627.2,627.54 1 0
right-sizer/metrics/metrics_server.go:28.62,31.16 2 0
right-sizer/metrics/metrics_server.go:31.16,36.3 1 0
right-sizer/metrics/metrics_server.go:39.2,40.16 2 0
right-sizer/metrics/metrics_server.go:40.16,43.3 1 0
right-sizer/metrics/metrics_server.go:45.2,45.77 1 0
right-sizer/metrics/metrics_server.go:49.93,50.28 1 0
right-sizer/metrics/metrics_server.go:50.28,52.3 1 0
right-sizer/metrics/metrics_server.go:55.2,56.16 2 0
right-sizer/metrics/metrics_server.go:56.16,58.3 1 0
right-sizer/metrics/metrics_server.go:61.2,64.50 3 0
right-sizer/metrics/metrics_server.go:64.50,66.49 1 0
right-sizer/metrics/metrics_server.go:66.49,68.4 1 0
right-sizer/metrics/metrics_server.go:71.3,71.52 1 0
right-sizer/metrics/metrics_server.go:71.52,73.4 1 0
right-sizer/metrics/metrics_server.go:77.2,82.8 2 0
right-sizer/metrics/operator_metrics.go:67.44,249.2 3 0
right-sizer/metrics/operator_metrics.go:252.48,254.2 1 0
right-sizer/metrics/operator_metrics.go:257.98,259.2 1 0
right-sizer/metrics/operator_metrics.go:262.79,264.2 1 0
right-sizer/metrics/operator_metrics.go:267.87,269.2 1 0
right-sizer/metrics/operator_metrics.go:272.145,273.27 1 0
right-sizer/metrics/operator_metrics.go:273.27,275.3 1 0
right-sizer/metrics/operator_metrics.go:275.8,275.37 1 0
right-sizer/metrics/operator_metrics.go:275.37,277.3 1 0
right-sizer/metrics/operator_metrics.go:279.2,279.89 1 0
right-sizer/metrics/operator_metrics.go:283.94,285.2 1 0
right-sizer/metrics/operator_metrics.go:288.90,290.2 1 0
right-sizer/metrics/operator_metrics.go:293.75,295.2 1 0
right-sizer/metrics/operator_metrics.go:298.99,300.2 1 0
right-sizer/metrics/operator_metrics.go:303.93,305.2 1 0
right-sizer/metrics/operator_metrics.go:308.83,310.2 1 0
right-sizer/metrics/operator_metrics.go:313.64,315.2 1 0
right-sizer/metrics/operator_metrics.go:318.112,320.2 1 0
right-sizer/metrics/operator_metrics.go:323.108,325.2 1 0
right-sizer/metrics/operator_metrics.go:328.92,330.2 1 0
right-sizer/metrics/operator_metrics.go:333.55,335.2 1 0
right-sizer/metrics/operator_metrics.go:338.152,340.2 1 0
right-sizer/metrics/operator_metrics.go:343.69,345.2 1 0
right-sizer/metrics/operator_metrics.go:348.41,352.82 2 0
right-sizer/metrics/operator_metrics.go:352.82,355.3 2 0
right-sizer/metrics/operator_metrics.go:357.2,357.57 1 0
right-sizer/metrics/operator_metrics.go:366.24,368.2 1 0
right-sizer/metrics/operator_metrics.go:371.42,373.2 1 0
right-sizer/metrics/operator_metrics.go:376.63,378.2 1 0
right-sizer/metrics/prometheus.go:26.53,28.2 1 0
right-sizer/metrics/prometheus.go:31.90,35.16 3 0
right-sizer/metrics/prometheus.go:35.16,37.3 1 0
right-sizer/metrics/prometheus.go:40.2,42.16 3 0
right-sizer/metrics/prometheus.go:42.16,44.3 1 0
right-sizer/metrics/prometheus.go:47.2,52.8 2 0
right-sizer/metrics/prometheus.go:56.77,59.16 3 0
right-sizer/metrics/prometheus.go:59.16,61.3 1 0
right-sizer/metrics/prometheus.go:62.2,65.16 3 0
right-sizer/metrics/prometheus.go:65.16,67.3 1 0
right-sizer/metrics/prometheus.go:69.2,78.54 2 0
right-sizer/metrics/prometheus.go:78.54,80.3 1 0
right-sizer/metrics/prometheus.go:82.2,82.64 1 0
right-sizer/metrics/prometheus.go:82.64,84.3 1 0
right-sizer/metrics/prometheus.go:87.2,88.9 2 0
right-sizer/metrics/prometheus.go:88.9,90.3 1 0
right-sizer/metrics/prometheus.go:92.2,94.16 3 0
right-sizer/metrics/prometheus.go:94.16,96.3 1 0
right-sizer/metrics/prometheus.go:97.2,97.17 1 0
right-sizer/health/checker.go:48.56,71.2 1 1
right-sizer/health/checker.go:74.103,78.55 3 0
right-sizer/health/checker.go:78.55,82.3 3 0
right-sizer/health/checker.go:82.8,88.3 1 0
right-sizer/health/checker.go:90.2,90.99 1 0
right-sizer/health/checker.go:94.95,99.13 4 0
right-sizer/health/checker.go:99.13,101.3 1 0
right-sizer/health/checker.go:104.2,109.25 2 0
right-sizer/health/checker.go:113.50,117.41 3 0
right-sizer/health/checker.go:117.41,119.54 1 0
right-sizer/health/checker.go:119.54,120.78 1 0
right-sizer/health/checker.go:120.78,121.13 1 0
right-sizer/health/checker.go:125.3,125.22 1 0
right-sizer/health/checker.go:125.22,127.4 1 0
right-sizer/health/checker.go:130.3,130.53 1 0
right-sizer/health/checker.go:130.53,134.4 2 0
right-sizer/health/checker.go:137.2,137.13 1 0
right-sizer/health/checker.go:141.74,150.41 7 0
right-sizer/health/checker.go:150.41,157.3 1 0
right-sizer/health/checker.go:158.2,160.15 2 0
right-sizer/health/checker.go:164.80,165.12 1 0
right-sizer/health/checker.go:165.12,169.7 3 0
right-sizer/health/checker.go:169.7,170.11 1 0
right-sizer/health/checker.go:171.22,173.11 2 0
right-sizer/health/checker.go:174.20,175.28 1 0
right-sizer/health/checker.go:182.55,191.30 5 0
right-sizer/health/checker.go:191.30,192.80 1 0
right-sizer/health/checker.go:192.80,194.4 1 0
right-sizer/health/checker.go:194.9,196.4 1 0
right-sizer/health/checker.go:200.2,200.30 1 0
right-sizer/health/checker.go:200.30,201.80 1 0
right-sizer/health/checker.go:201.80,203.56 1 0
right-sizer/health/checker.go:203.56,205.5 1 0
right-sizer/health/checker.go:206.9,208.4 1 0
right-sizer/health/checker.go:213.92,219.16 3 0
right-sizer/health/checker.go:219.16,221.3 1 0
right-sizer/health/checker.go:222.2,224.28 2 0
right-sizer/health/checker.go:224.28,226.3 1 0
right-sizer/health/checker.go:228.2,228.12 1 0
right-sizer/health/checker.go:232.70,235.84 1 0
right-sizer/health/checker.go:235.84,237.3 1 0
right-sizer/health/checker.go:238.2,238.48 1 0
right-sizer/health/checker.go:242.71,244.20 1 0
right-sizer/health/checker.go:244.20,248.74 3 0
right-sizer/health/checker.go:248.74,249.42 1 0
right-sizer/health/checker.go:249.42,250.69 1 0
right-sizer/health/checker.go:250.69,251.75 1 0
right-sizer/health/checker.go:251.75,253.58 1 0
right-sizer/health/checker.go:253.58,254.63 1 0
right-sizer/health/checker.go:254.63,255.61 1 0
right-sizer/health/checker.go:255.61,256.18 1 0
right-sizer/health/checker.go:260.7,260.62 1 0
right-sizer/health/checker.go:266.3,266.35 1 0
right-sizer/health/checker.go:266.35,268.4 1 0
right-sizer/health/checker.go:270.2,270.12 1 0
right-sizer/health/checker.go:274.74,278.2 3 0
right-sizer/health/checker.go:281.65,285.2 3 0
right-sizer/health/checker.go:288.65,292.2 3 0
right-sizer/health/checker.go:295.71,296.39 1 0
right-sizer/health/checker.go:296.39,302.3 2 0
